{"/Users/akshay.ahuja/Desktop/tasks/e-commerce/backend/src/app.js": {"path":"/Users/akshay.ahuja/Desktop/tasks/e-commerce/backend/src/app.js","statementMap":{"0":{"start":{"line":11,"column":12},"end":{"line":11,"column":21}},"1":{"start":{"line":14,"column":0},"end":{"line":14,"column":24}},"2":{"start":{"line":15,"column":0},"end":{"line":15,"column":18}},"3":{"start":{"line":18,"column":0},"end":{"line":18,"column":20}},"4":{"start":{"line":21,"column":0},"end":{"line":21,"column":41}},"5":{"start":{"line":22,"column":0},"end":{"line":22,"column":63}},"6":{"start":{"line":25,"column":0},"end":{"line":25,"column":24}},"7":{"start":{"line":28,"column":0},"end":{"line":28,"column":56}},"8":{"start":{"line":31,"column":0},"end":{"line":31,"column":41}},"9":{"start":{"line":32,"column":0},"end":{"line":32,"column":35}},"10":{"start":{"line":35,"column":0},"end":{"line":35,"column":37}},"11":{"start":{"line":38,"column":0},"end":{"line":38,"column":25}},"12":{"start":{"line":41,"column":0},"end":{"line":41,"column":22}}},"fnMap":{},"branchMap":{},"s":{"0":1,"1":1,"2":1,"3":1,"4":1,"5":1,"6":1,"7":1,"8":1,"9":1,"10":1,"11":1,"12":1},"f":{},"b":{},"inputSourceMap":null,"_coverageSchema":"1a1c01bbd47fc00a2c39e90264f33305004495a9","hash":"eab50b56fcc2e527c18a9fb0d35bdc505eb904ad"}
,"/Users/akshay.ahuja/Desktop/tasks/e-commerce/backend/src/actions/admin/getDashboardStats.action.js": {"path":"/Users/akshay.ahuja/Desktop/tasks/e-commerce/backend/src/actions/admin/getDashboardStats.action.js","statementMap":{"0":{"start":{"line":9,"column":39},"end":{"line":133,"column":1}},"1":{"start":{"line":11,"column":21},"end":{"line":11,"column":48}},"2":{"start":{"line":12,"column":24},"end":{"line":12,"column":54}},"3":{"start":{"line":13,"column":22},"end":{"line":13,"column":50}},"4":{"start":{"line":16,"column":25},"end":{"line":31,"column":4}},"5":{"start":{"line":33,"column":21},"end":{"line":33,"column":81}},"6":{"start":{"line":36,"column":24},"end":{"line":64,"column":4}},"7":{"start":{"line":67,"column":31},"end":{"line":67,"column":33}},"8":{"start":{"line":68,"column":2},"end":{"line":77,"column":3}},"9":{"start":{"line":69,"column":26},"end":{"line":69,"column":51}},"10":{"start":{"line":70,"column":24},"end":{"line":70,"column":89}},"11":{"start":{"line":70,"column":69},"end":{"line":70,"column":85}},"12":{"start":{"line":71,"column":4},"end":{"line":74,"column":6}},"13":{"start":{"line":76,"column":4},"end":{"line":76,"column":43}},"14":{"start":{"line":80,"column":28},"end":{"line":102,"column":4}},"15":{"start":{"line":105,"column":21},"end":{"line":105,"column":105}},"16":{"start":{"line":106,"column":30},"end":{"line":114,"column":4}},"17":{"start":{"line":107,"column":23},"end":{"line":107,"column":41}},"18":{"start":{"line":108,"column":18},"end":{"line":108,"column":62}},"19":{"start":{"line":109,"column":4},"end":{"line":113,"column":6}},"20":{"start":{"line":117,"column":23},"end":{"line":120,"column":35}},"21":{"start":{"line":122,"column":2},"end":{"line":132,"column":4}}},"fnMap":{"0":{"name":"(anonymous_0)","decl":{"start":{"line":9,"column":39},"end":{"line":9,"column":40}},"loc":{"start":{"line":9,"column":51},"end":{"line":133,"column":1}},"line":9},"1":{"name":"(anonymous_1)","decl":{"start":{"line":70,"column":54},"end":{"line":70,"column":55}},"loc":{"start":{"line":70,"column":69},"end":{"line":70,"column":85}},"line":70},"2":{"name":"(anonymous_2)","decl":{"start":{"line":106,"column":52},"end":{"line":106,"column":53}},"loc":{"start":{"line":106,"column":62},"end":{"line":114,"column":3}},"line":106}},"branchMap":{"0":{"loc":{"start":{"line":33,"column":21},"end":{"line":33,"column":81}},"type":"cond-expr","locations":[{"start":{"line":33,"column":49},"end":{"line":33,"column":77}},{"start":{"line":33,"column":80},"end":{"line":33,"column":81}}],"line":33},"1":{"loc":{"start":{"line":68,"column":2},"end":{"line":77,"column":3}},"type":"if","locations":[{"start":{"line":68,"column":2},"end":{"line":77,"column":3}},{"start":{"line":75,"column":9},"end":{"line":77,"column":3}}],"line":68}},"s":{"0":2,"1":1,"2":1,"3":1,"4":1,"5":1,"6":1,"7":1,"8":1,"9":0,"10":0,"11":0,"12":0,"13":1,"14":1,"15":1,"16":1,"17":1,"18":1,"19":1,"20":1,"21":1},"f":{"0":1,"1":0,"2":1},"b":{"0":[1,0],"1":[0,1]},"inputSourceMap":null,"_coverageSchema":"1a1c01bbd47fc00a2c39e90264f33305004495a9","hash":"8ec55987c34a4c3c122c2d5229bcf50f9c6dc22c"}
,"/Users/akshay.ahuja/Desktop/tasks/e-commerce/backend/src/actions/auth/forgotPassword.action.js": {"path":"/Users/akshay.ahuja/Desktop/tasks/e-commerce/backend/src/actions/auth/forgotPassword.action.js","statementMap":{"0":{"start":{"line":12,"column":36},"end":{"line":44,"column":1}},"1":{"start":{"line":13,"column":15},"end":{"line":13,"column":44}},"2":{"start":{"line":14,"column":2},"end":{"line":16,"column":3}},"3":{"start":{"line":15,"column":4},"end":{"line":15,"column":73}},"4":{"start":{"line":19,"column":21},"end":{"line":19,"column":59}},"5":{"start":{"line":22,"column":22},"end":{"line":22,"column":82}},"6":{"start":{"line":23,"column":2},"end":{"line":23,"column":41}},"7":{"start":{"line":24,"column":2},"end":{"line":24,"column":58}},"8":{"start":{"line":25,"column":2},"end":{"line":25,"column":20}},"9":{"start":{"line":28,"column":19},"end":{"line":28,"column":74}},"10":{"start":{"line":29,"column":18},"end":{"line":35,"column":3}},"11":{"start":{"line":38,"column":2},"end":{"line":43,"column":5}},"12":{"start":{"line":51,"column":35},"end":{"line":68,"column":1}},"13":{"start":{"line":52,"column":22},"end":{"line":52,"column":77}},"14":{"start":{"line":54,"column":15},"end":{"line":57,"column":4}},"15":{"start":{"line":59,"column":2},"end":{"line":61,"column":3}},"16":{"start":{"line":60,"column":4},"end":{"line":60,"column":72}},"17":{"start":{"line":64,"column":2},"end":{"line":64,"column":30}},"18":{"start":{"line":65,"column":2},"end":{"line":65,"column":39}},"19":{"start":{"line":66,"column":2},"end":{"line":66,"column":40}},"20":{"start":{"line":67,"column":2},"end":{"line":67,"column":20}}},"fnMap":{"0":{"name":"(anonymous_0)","decl":{"start":{"line":12,"column":36},"end":{"line":12,"column":37}},"loc":{"start":{"line":12,"column":53},"end":{"line":44,"column":1}},"line":12},"1":{"name":"(anonymous_1)","decl":{"start":{"line":51,"column":35},"end":{"line":51,"column":36}},"loc":{"start":{"line":51,"column":65},"end":{"line":68,"column":1}},"line":51}},"branchMap":{"0":{"loc":{"start":{"line":14,"column":2},"end":{"line":16,"column":3}},"type":"if","locations":[{"start":{"line":14,"column":2},"end":{"line":16,"column":3}},{"start":{},"end":{}}],"line":14},"1":{"loc":{"start":{"line":59,"column":2},"end":{"line":61,"column":3}},"type":"if","locations":[{"start":{"line":59,"column":2},"end":{"line":61,"column":3}},{"start":{},"end":{}}],"line":59}},"s":{"0":1,"1":0,"2":0,"3":0,"4":0,"5":0,"6":0,"7":0,"8":0,"9":0,"10":0,"11":0,"12":1,"13":0,"14":0,"15":0,"16":0,"17":0,"18":0,"19":0,"20":0},"f":{"0":0,"1":0},"b":{"0":[0,0],"1":[0,0]},"inputSourceMap":null,"_coverageSchema":"1a1c01bbd47fc00a2c39e90264f33305004495a9","hash":"e9dce88a486796561a1fd16c6a6f7ce8d4892993"}
,"/Users/akshay.ahuja/Desktop/tasks/e-commerce/backend/src/actions/auth/login.action.js": {"path":"/Users/akshay.ahuja/Desktop/tasks/e-commerce/backend/src/actions/auth/login.action.js","statementMap":{"0":{"start":{"line":11,"column":27},"end":{"line":46,"column":1}},"1":{"start":{"line":13,"column":15},"end":{"line":13,"column":44}},"2":{"start":{"line":14,"column":2},"end":{"line":16,"column":3}},"3":{"start":{"line":15,"column":4},"end":{"line":15,"column":58}},"4":{"start":{"line":18,"column":2},"end":{"line":20,"column":3}},"5":{"start":{"line":19,"column":4},"end":{"line":19,"column":90}},"6":{"start":{"line":23,"column":18},"end":{"line":23,"column":54}},"7":{"start":{"line":24,"column":2},"end":{"line":26,"column":3}},"8":{"start":{"line":25,"column":4},"end":{"line":25,"column":58}},"9":{"start":{"line":29,"column":22},"end":{"line":29,"column":62}},"10":{"start":{"line":30,"column":23},"end":{"line":30,"column":53}},"11":{"start":{"line":33,"column":2},"end":{"line":33,"column":35}},"12":{"start":{"line":34,"column":2},"end":{"line":34,"column":20}},"13":{"start":{"line":37,"column":18},"end":{"line":37,"column":33}},"14":{"start":{"line":38,"column":2},"end":{"line":38,"column":26}},"15":{"start":{"line":39,"column":2},"end":{"line":39,"column":30}},"16":{"start":{"line":41,"column":2},"end":{"line":45,"column":4}}},"fnMap":{"0":{"name":"(anonymous_0)","decl":{"start":{"line":11,"column":27},"end":{"line":11,"column":28}},"loc":{"start":{"line":11,"column":58},"end":{"line":46,"column":1}},"line":11}},"branchMap":{"0":{"loc":{"start":{"line":14,"column":2},"end":{"line":16,"column":3}},"type":"if","locations":[{"start":{"line":14,"column":2},"end":{"line":16,"column":3}},{"start":{},"end":{}}],"line":14},"1":{"loc":{"start":{"line":18,"column":2},"end":{"line":20,"column":3}},"type":"if","locations":[{"start":{"line":18,"column":2},"end":{"line":20,"column":3}},{"start":{},"end":{}}],"line":18},"2":{"loc":{"start":{"line":24,"column":2},"end":{"line":26,"column":3}},"type":"if","locations":[{"start":{"line":24,"column":2},"end":{"line":26,"column":3}},{"start":{},"end":{}}],"line":24}},"s":{"0":2,"1":6,"2":6,"3":1,"4":5,"5":1,"6":4,"7":4,"8":2,"9":2,"10":2,"11":2,"12":2,"13":2,"14":2,"15":2,"16":2},"f":{"0":6},"b":{"0":[1,5],"1":[1,4],"2":[2,2]},"inputSourceMap":null,"_coverageSchema":"1a1c01bbd47fc00a2c39e90264f33305004495a9","hash":"ef3f4e3d32f67fa8eafb5ea66c7ffb0433a948fd"}
,"/Users/akshay.ahuja/Desktop/tasks/e-commerce/backend/src/actions/auth/logout.action.js": {"path":"/Users/akshay.ahuja/Desktop/tasks/e-commerce/backend/src/actions/auth/logout.action.js","statementMap":{"0":{"start":{"line":9,"column":28},"end":{"line":18,"column":1}},"1":{"start":{"line":10,"column":15},"end":{"line":10,"column":42}},"2":{"start":{"line":11,"column":2},"end":{"line":13,"column":3}},"3":{"start":{"line":12,"column":4},"end":{"line":12,"column":47}},"4":{"start":{"line":16,"column":2},"end":{"line":16,"column":32}},"5":{"start":{"line":17,"column":2},"end":{"line":17,"column":20}}},"fnMap":{"0":{"name":"(anonymous_0)","decl":{"start":{"line":9,"column":28},"end":{"line":9,"column":29}},"loc":{"start":{"line":9,"column":46},"end":{"line":18,"column":1}},"line":9}},"branchMap":{"0":{"loc":{"start":{"line":11,"column":2},"end":{"line":13,"column":3}},"type":"if","locations":[{"start":{"line":11,"column":2},"end":{"line":13,"column":3}},{"start":{},"end":{}}],"line":11}},"s":{"0":1,"1":0,"2":0,"3":0,"4":0,"5":0},"f":{"0":0},"b":{"0":[0,0]},"inputSourceMap":null,"_coverageSchema":"1a1c01bbd47fc00a2c39e90264f33305004495a9","hash":"70486423f05da78888507eae9f7adb5a252e12ef"}
,"/Users/akshay.ahuja/Desktop/tasks/e-commerce/backend/src/actions/auth/refreshToken.action.js": {"path":"/Users/akshay.ahuja/Desktop/tasks/e-commerce/backend/src/actions/auth/refreshToken.action.js","statementMap":{"0":{"start":{"line":12,"column":34},"end":{"line":51,"column":1}},"1":{"start":{"line":13,"column":2},"end":{"line":15,"column":3}},"2":{"start":{"line":14,"column":4},"end":{"line":14,"column":57}},"3":{"start":{"line":17,"column":2},"end":{"line":50,"column":3}},"4":{"start":{"line":19,"column":20},"end":{"line":19,"column":60}},"5":{"start":{"line":22,"column":17},"end":{"line":22,"column":52}},"6":{"start":{"line":23,"column":4},"end":{"line":25,"column":5}},"7":{"start":{"line":24,"column":6},"end":{"line":24,"column":71}},"8":{"start":{"line":28,"column":4},"end":{"line":33,"column":5}},"9":{"start":{"line":30,"column":6},"end":{"line":30,"column":36}},"10":{"start":{"line":31,"column":6},"end":{"line":31,"column":24}},"11":{"start":{"line":32,"column":6},"end":{"line":32,"column":77}},"12":{"start":{"line":36,"column":27},"end":{"line":36,"column":67}},"13":{"start":{"line":37,"column":28},"end":{"line":37,"column":58}},"14":{"start":{"line":40,"column":4},"end":{"line":40,"column":40}},"15":{"start":{"line":41,"column":4},"end":{"line":41,"column":22}},"16":{"start":{"line":43,"column":4},"end":{"line":46,"column":6}},"17":{"start":{"line":48,"column":4},"end":{"line":48,"column":47}},"18":{"start":{"line":48,"column":35},"end":{"line":48,"column":47}},"19":{"start":{"line":49,"column":4},"end":{"line":49,"column":65}}},"fnMap":{"0":{"name":"(anonymous_0)","decl":{"start":{"line":12,"column":34},"end":{"line":12,"column":35}},"loc":{"start":{"line":12,"column":66},"end":{"line":51,"column":1}},"line":12}},"branchMap":{"0":{"loc":{"start":{"line":13,"column":2},"end":{"line":15,"column":3}},"type":"if","locations":[{"start":{"line":13,"column":2},"end":{"line":15,"column":3}},{"start":{},"end":{}}],"line":13},"1":{"loc":{"start":{"line":23,"column":4},"end":{"line":25,"column":5}},"type":"if","locations":[{"start":{"line":23,"column":4},"end":{"line":25,"column":5}},{"start":{},"end":{}}],"line":23},"2":{"loc":{"start":{"line":28,"column":4},"end":{"line":33,"column":5}},"type":"if","locations":[{"start":{"line":28,"column":4},"end":{"line":33,"column":5}},{"start":{},"end":{}}],"line":28},"3":{"loc":{"start":{"line":48,"column":4},"end":{"line":48,"column":47}},"type":"if","locations":[{"start":{"line":48,"column":4},"end":{"line":48,"column":47}},{"start":{},"end":{}}],"line":48}},"s":{"0":1,"1":0,"2":0,"3":0,"4":0,"5":0,"6":0,"7":0,"8":0,"9":0,"10":0,"11":0,"12":0,"13":0,"14":0,"15":0,"16":0,"17":0,"18":0,"19":0},"f":{"0":0},"b":{"0":[0,0],"1":[0,0],"2":[0,0],"3":[0,0]},"inputSourceMap":null,"_coverageSchema":"1a1c01bbd47fc00a2c39e90264f33305004495a9","hash":"47c75b7fbb9ab2cc0593b13297e97814bb30a3a0"}
,"/Users/akshay.ahuja/Desktop/tasks/e-commerce/backend/src/actions/auth/register.action.js": {"path":"/Users/akshay.ahuja/Desktop/tasks/e-commerce/backend/src/actions/auth/register.action.js","statementMap":{"0":{"start":{"line":12,"column":30},"end":{"line":55,"column":1}},"1":{"start":{"line":13,"column":49},"end":{"line":13,"column":57}},"2":{"start":{"line":16,"column":23},"end":{"line":16,"column":52}},"3":{"start":{"line":17,"column":2},"end":{"line":19,"column":3}},"4":{"start":{"line":18,"column":4},"end":{"line":18,"column":68}},"5":{"start":{"line":22,"column":15},"end":{"line":28,"column":4}},"6":{"start":{"line":31,"column":2},"end":{"line":35,"column":5}},"7":{"start":{"line":38,"column":22},"end":{"line":38,"column":62}},"8":{"start":{"line":39,"column":23},"end":{"line":39,"column":53}},"9":{"start":{"line":42,"column":2},"end":{"line":42,"column":35}},"10":{"start":{"line":43,"column":2},"end":{"line":43,"column":20}},"11":{"start":{"line":46,"column":18},"end":{"line":46,"column":33}},"12":{"start":{"line":47,"column":2},"end":{"line":47,"column":26}},"13":{"start":{"line":48,"column":2},"end":{"line":48,"column":30}},"14":{"start":{"line":50,"column":2},"end":{"line":54,"column":4}}},"fnMap":{"0":{"name":"(anonymous_0)","decl":{"start":{"line":12,"column":30},"end":{"line":12,"column":31}},"loc":{"start":{"line":12,"column":50},"end":{"line":55,"column":1}},"line":12}},"branchMap":{"0":{"loc":{"start":{"line":17,"column":2},"end":{"line":19,"column":3}},"type":"if","locations":[{"start":{"line":17,"column":2},"end":{"line":19,"column":3}},{"start":{},"end":{}}],"line":17},"1":{"loc":{"start":{"line":27,"column":10},"end":{"line":27,"column":24}},"type":"binary-expr","locations":[{"start":{"line":27,"column":10},"end":{"line":27,"column":14}},{"start":{"line":27,"column":18},"end":{"line":27,"column":24}}],"line":27}},"s":{"0":2,"1":4,"2":4,"3":4,"4":2,"5":2,"6":2,"7":2,"8":2,"9":2,"10":2,"11":2,"12":2,"13":2,"14":2},"f":{"0":4},"b":{"0":[2,2],"1":[2,2]},"inputSourceMap":null,"_coverageSchema":"1a1c01bbd47fc00a2c39e90264f33305004495a9","hash":"6fb65ecfe7f7f6fe019c35e92f80765415b67555"}
,"/Users/akshay.ahuja/Desktop/tasks/e-commerce/backend/src/actions/cart/addToCart.action.js": {"path":"/Users/akshay.ahuja/Desktop/tasks/e-commerce/backend/src/actions/cart/addToCart.action.js","statementMap":{"0":{"start":{"line":13,"column":31},"end":{"line":61,"column":1}},"1":{"start":{"line":15,"column":18},"end":{"line":15,"column":51}},"2":{"start":{"line":16,"column":2},"end":{"line":18,"column":3}},"3":{"start":{"line":17,"column":4},"end":{"line":17,"column":50}},"4":{"start":{"line":20,"column":2},"end":{"line":22,"column":3}},"5":{"start":{"line":21,"column":4},"end":{"line":21,"column":60}},"6":{"start":{"line":25,"column":13},"end":{"line":25,"column":49}},"7":{"start":{"line":26,"column":2},"end":{"line":28,"column":3}},"8":{"start":{"line":27,"column":4},"end":{"line":27,"column":74}},"9":{"start":{"line":31,"column":20},"end":{"line":31,"column":89}},"10":{"start":{"line":31,"column":51},"end":{"line":31,"column":88}},"11":{"start":{"line":33,"column":26},"end":{"line":33,"column":77}},"12":{"start":{"line":34,"column":25},"end":{"line":34,"column":51}},"13":{"start":{"line":37,"column":2},"end":{"line":39,"column":3}},"14":{"start":{"line":38,"column":4},"end":{"line":38,"column":90}},"15":{"start":{"line":42,"column":20},"end":{"line":42,"column":58}},"16":{"start":{"line":45,"column":2},"end":{"line":54,"column":3}},"17":{"start":{"line":46,"column":4},"end":{"line":46,"column":52}},"18":{"start":{"line":47,"column":4},"end":{"line":47,"column":44}},"19":{"start":{"line":49,"column":4},"end":{"line":53,"column":7}},"20":{"start":{"line":57,"column":2},"end":{"line":57,"column":20}},"21":{"start":{"line":60,"column":2},"end":{"line":60,"column":106}}},"fnMap":{"0":{"name":"(anonymous_0)","decl":{"start":{"line":13,"column":31},"end":{"line":13,"column":32}},"loc":{"start":{"line":13,"column":70},"end":{"line":61,"column":1}},"line":13},"1":{"name":"(anonymous_1)","decl":{"start":{"line":31,"column":41},"end":{"line":31,"column":42}},"loc":{"start":{"line":31,"column":51},"end":{"line":31,"column":88}},"line":31}},"branchMap":{"0":{"loc":{"start":{"line":16,"column":2},"end":{"line":18,"column":3}},"type":"if","locations":[{"start":{"line":16,"column":2},"end":{"line":18,"column":3}},{"start":{},"end":{}}],"line":16},"1":{"loc":{"start":{"line":20,"column":2},"end":{"line":22,"column":3}},"type":"if","locations":[{"start":{"line":20,"column":2},"end":{"line":22,"column":3}},{"start":{},"end":{}}],"line":20},"2":{"loc":{"start":{"line":26,"column":2},"end":{"line":28,"column":3}},"type":"if","locations":[{"start":{"line":26,"column":2},"end":{"line":28,"column":3}},{"start":{},"end":{}}],"line":26},"3":{"loc":{"start":{"line":33,"column":26},"end":{"line":33,"column":77}},"type":"cond-expr","locations":[{"start":{"line":33,"column":43},"end":{"line":33,"column":73}},{"start":{"line":33,"column":76},"end":{"line":33,"column":77}}],"line":33},"4":{"loc":{"start":{"line":37,"column":2},"end":{"line":39,"column":3}},"type":"if","locations":[{"start":{"line":37,"column":2},"end":{"line":39,"column":3}},{"start":{},"end":{}}],"line":37},"5":{"loc":{"start":{"line":42,"column":20},"end":{"line":42,"column":58}},"type":"binary-expr","locations":[{"start":{"line":42,"column":20},"end":{"line":42,"column":41}},{"start":{"line":42,"column":45},"end":{"line":42,"column":58}}],"line":42},"6":{"loc":{"start":{"line":45,"column":2},"end":{"line":54,"column":3}},"type":"if","locations":[{"start":{"line":45,"column":2},"end":{"line":54,"column":3}},{"start":{"line":48,"column":9},"end":{"line":54,"column":3}}],"line":45}},"s":{"0":1,"1":0,"2":0,"3":0,"4":0,"5":0,"6":0,"7":0,"8":0,"9":0,"10":0,"11":0,"12":0,"13":0,"14":0,"15":0,"16":0,"17":0,"18":0,"19":0,"20":0,"21":0},"f":{"0":0,"1":0},"b":{"0":[0,0],"1":[0,0],"2":[0,0],"3":[0,0],"4":[0,0],"5":[0,0],"6":[0,0]},"inputSourceMap":null,"_coverageSchema":"1a1c01bbd47fc00a2c39e90264f33305004495a9","hash":"40ab48768c59b2798e5068b08eecd0dc1149f3bc"}
,"/Users/akshay.ahuja/Desktop/tasks/e-commerce/backend/src/actions/cart/getCart.action.js": {"path":"/Users/akshay.ahuja/Desktop/tasks/e-commerce/backend/src/actions/cart/getCart.action.js","statementMap":{"0":{"start":{"line":9,"column":29},"end":{"line":20,"column":1}},"1":{"start":{"line":10,"column":13},"end":{"line":13,"column":3}},"2":{"start":{"line":15,"column":2},"end":{"line":17,"column":3}},"3":{"start":{"line":16,"column":4},"end":{"line":16,"column":74}},"4":{"start":{"line":19,"column":2},"end":{"line":19,"column":14}}},"fnMap":{"0":{"name":"(anonymous_0)","decl":{"start":{"line":9,"column":29},"end":{"line":9,"column":30}},"loc":{"start":{"line":9,"column":47},"end":{"line":20,"column":1}},"line":9}},"branchMap":{"0":{"loc":{"start":{"line":15,"column":2},"end":{"line":17,"column":3}},"type":"if","locations":[{"start":{"line":15,"column":2},"end":{"line":17,"column":3}},{"start":{},"end":{}}],"line":15}},"s":{"0":1,"1":0,"2":0,"3":0,"4":0},"f":{"0":0},"b":{"0":[0,0]},"inputSourceMap":null,"_coverageSchema":"1a1c01bbd47fc00a2c39e90264f33305004495a9","hash":"603af52c7f5ca71782acaadd3bfa68d9fc09a063"}
,"/Users/akshay.ahuja/Desktop/tasks/e-commerce/backend/src/actions/cart/removeFromCart.action.js": {"path":"/Users/akshay.ahuja/Desktop/tasks/e-commerce/backend/src/actions/cart/removeFromCart.action.js","statementMap":{"0":{"start":{"line":10,"column":36},"end":{"line":26,"column":1}},"1":{"start":{"line":11,"column":15},"end":{"line":11,"column":51}},"2":{"start":{"line":12,"column":2},"end":{"line":14,"column":3}},"3":{"start":{"line":13,"column":4},"end":{"line":13,"column":47}},"4":{"start":{"line":16,"column":29},"end":{"line":16,"column":46}},"5":{"start":{"line":17,"column":2},"end":{"line":17,"column":82}},"6":{"start":{"line":17,"column":43},"end":{"line":17,"column":80}},"7":{"start":{"line":19,"column":2},"end":{"line":21,"column":3}},"8":{"start":{"line":20,"column":4},"end":{"line":20,"column":55}},"9":{"start":{"line":23,"column":2},"end":{"line":23,"column":20}},"10":{"start":{"line":25,"column":2},"end":{"line":25,"column":106}}},"fnMap":{"0":{"name":"(anonymous_0)","decl":{"start":{"line":10,"column":36},"end":{"line":10,"column":37}},"loc":{"start":{"line":10,"column":65},"end":{"line":26,"column":1}},"line":10},"1":{"name":"(anonymous_1)","decl":{"start":{"line":17,"column":33},"end":{"line":17,"column":34}},"loc":{"start":{"line":17,"column":43},"end":{"line":17,"column":80}},"line":17}},"branchMap":{"0":{"loc":{"start":{"line":12,"column":2},"end":{"line":14,"column":3}},"type":"if","locations":[{"start":{"line":12,"column":2},"end":{"line":14,"column":3}},{"start":{},"end":{}}],"line":12},"1":{"loc":{"start":{"line":19,"column":2},"end":{"line":21,"column":3}},"type":"if","locations":[{"start":{"line":19,"column":2},"end":{"line":21,"column":3}},{"start":{},"end":{}}],"line":19}},"s":{"0":1,"1":0,"2":0,"3":0,"4":0,"5":0,"6":0,"7":0,"8":0,"9":0,"10":0},"f":{"0":0,"1":0},"b":{"0":[0,0],"1":[0,0]},"inputSourceMap":null,"_coverageSchema":"1a1c01bbd47fc00a2c39e90264f33305004495a9","hash":"a33eaa00d71936fe0b4647ef9b1d706da57181f3"}
,"/Users/akshay.ahuja/Desktop/tasks/e-commerce/backend/src/actions/cart/updateCartItem.action.js": {"path":"/Users/akshay.ahuja/Desktop/tasks/e-commerce/backend/src/actions/cart/updateCartItem.action.js","statementMap":{"0":{"start":{"line":12,"column":36},"end":{"line":40,"column":1}},"1":{"start":{"line":13,"column":15},"end":{"line":13,"column":51}},"2":{"start":{"line":14,"column":2},"end":{"line":16,"column":3}},"3":{"start":{"line":15,"column":4},"end":{"line":15,"column":47}},"4":{"start":{"line":18,"column":20},"end":{"line":18,"column":89}},"5":{"start":{"line":18,"column":51},"end":{"line":18,"column":88}},"6":{"start":{"line":19,"column":2},"end":{"line":21,"column":3}},"7":{"start":{"line":20,"column":4},"end":{"line":20,"column":55}},"8":{"start":{"line":24,"column":18},"end":{"line":24,"column":51}},"9":{"start":{"line":25,"column":2},"end":{"line":27,"column":3}},"10":{"start":{"line":26,"column":4},"end":{"line":26,"column":50}},"11":{"start":{"line":29,"column":2},"end":{"line":31,"column":3}},"12":{"start":{"line":30,"column":4},"end":{"line":30,"column":90}},"13":{"start":{"line":34,"column":2},"end":{"line":34,"column":44}},"14":{"start":{"line":35,"column":2},"end":{"line":35,"column":71}},"15":{"start":{"line":37,"column":2},"end":{"line":37,"column":20}},"16":{"start":{"line":39,"column":2},"end":{"line":39,"column":106}}},"fnMap":{"0":{"name":"(anonymous_0)","decl":{"start":{"line":12,"column":36},"end":{"line":12,"column":37}},"loc":{"start":{"line":12,"column":75},"end":{"line":40,"column":1}},"line":12},"1":{"name":"(anonymous_1)","decl":{"start":{"line":18,"column":41},"end":{"line":18,"column":42}},"loc":{"start":{"line":18,"column":51},"end":{"line":18,"column":88}},"line":18}},"branchMap":{"0":{"loc":{"start":{"line":14,"column":2},"end":{"line":16,"column":3}},"type":"if","locations":[{"start":{"line":14,"column":2},"end":{"line":16,"column":3}},{"start":{},"end":{}}],"line":14},"1":{"loc":{"start":{"line":19,"column":2},"end":{"line":21,"column":3}},"type":"if","locations":[{"start":{"line":19,"column":2},"end":{"line":21,"column":3}},{"start":{},"end":{}}],"line":19},"2":{"loc":{"start":{"line":25,"column":2},"end":{"line":27,"column":3}},"type":"if","locations":[{"start":{"line":25,"column":2},"end":{"line":27,"column":3}},{"start":{},"end":{}}],"line":25},"3":{"loc":{"start":{"line":29,"column":2},"end":{"line":31,"column":3}},"type":"if","locations":[{"start":{"line":29,"column":2},"end":{"line":31,"column":3}},{"start":{},"end":{}}],"line":29},"4":{"loc":{"start":{"line":35,"column":32},"end":{"line":35,"column":70}},"type":"binary-expr","locations":[{"start":{"line":35,"column":32},"end":{"line":35,"column":53}},{"start":{"line":35,"column":57},"end":{"line":35,"column":70}}],"line":35}},"s":{"0":1,"1":0,"2":0,"3":0,"4":0,"5":0,"6":0,"7":0,"8":0,"9":0,"10":0,"11":0,"12":0,"13":0,"14":0,"15":0,"16":0},"f":{"0":0,"1":0},"b":{"0":[0,0],"1":[0,0],"2":[0,0],"3":[0,0],"4":[0,0]},"inputSourceMap":null,"_coverageSchema":"1a1c01bbd47fc00a2c39e90264f33305004495a9","hash":"d6bb5abe9eefd52853e0b868fe0d7c4720409e2b"}
,"/Users/akshay.ahuja/Desktop/tasks/e-commerce/backend/src/actions/category/createCategory.action.js": {"path":"/Users/akshay.ahuja/Desktop/tasks/e-commerce/backend/src/actions/category/createCategory.action.js","statementMap":{"0":{"start":{"line":4,"column":36},"end":{"line":27,"column":1}},"1":{"start":{"line":5,"column":47},"end":{"line":5,"column":59}},"2":{"start":{"line":7,"column":27},"end":{"line":7,"column":59}},"3":{"start":{"line":8,"column":2},"end":{"line":10,"column":3}},"4":{"start":{"line":9,"column":4},"end":{"line":9,"column":56}},"5":{"start":{"line":12,"column":2},"end":{"line":17,"column":3}},"6":{"start":{"line":13,"column":25},"end":{"line":13,"column":56}},"7":{"start":{"line":14,"column":4},"end":{"line":16,"column":5}},"8":{"start":{"line":15,"column":6},"end":{"line":15,"column":60}},"9":{"start":{"line":19,"column":19},"end":{"line":24,"column":4}},"10":{"start":{"line":26,"column":2},"end":{"line":26,"column":18}}},"fnMap":{"0":{"name":"(anonymous_0)","decl":{"start":{"line":4,"column":36},"end":{"line":4,"column":37}},"loc":{"start":{"line":4,"column":60},"end":{"line":27,"column":1}},"line":4}},"branchMap":{"0":{"loc":{"start":{"line":8,"column":2},"end":{"line":10,"column":3}},"type":"if","locations":[{"start":{"line":8,"column":2},"end":{"line":10,"column":3}},{"start":{},"end":{}}],"line":8},"1":{"loc":{"start":{"line":12,"column":2},"end":{"line":17,"column":3}},"type":"if","locations":[{"start":{"line":12,"column":2},"end":{"line":17,"column":3}},{"start":{},"end":{}}],"line":12},"2":{"loc":{"start":{"line":14,"column":4},"end":{"line":16,"column":5}},"type":"if","locations":[{"start":{"line":14,"column":4},"end":{"line":16,"column":5}},{"start":{},"end":{}}],"line":14},"3":{"loc":{"start":{"line":21,"column":12},"end":{"line":21,"column":26}},"type":"binary-expr","locations":[{"start":{"line":21,"column":12},"end":{"line":21,"column":18}},{"start":{"line":21,"column":22},"end":{"line":21,"column":26}}],"line":21}},"s":{"0":1,"1":0,"2":0,"3":0,"4":0,"5":0,"6":0,"7":0,"8":0,"9":0,"10":0},"f":{"0":0},"b":{"0":[0,0],"1":[0,0],"2":[0,0],"3":[0,0]},"inputSourceMap":null,"_coverageSchema":"1a1c01bbd47fc00a2c39e90264f33305004495a9","hash":"eef25aa09c014f96c6ae451411fe1a6613761986"}
,"/Users/akshay.ahuja/Desktop/tasks/e-commerce/backend/src/actions/category/getCategories.action.js": {"path":"/Users/akshay.ahuja/Desktop/tasks/e-commerce/backend/src/actions/category/getCategories.action.js","statementMap":{"0":{"start":{"line":3,"column":35},"end":{"line":8,"column":1}},"1":{"start":{"line":4,"column":21},"end":{"line":6,"column":22}},"2":{"start":{"line":7,"column":2},"end":{"line":7,"column":20}}},"fnMap":{"0":{"name":"(anonymous_0)","decl":{"start":{"line":3,"column":35},"end":{"line":3,"column":36}},"loc":{"start":{"line":3,"column":47},"end":{"line":8,"column":1}},"line":3}},"branchMap":{},"s":{"0":1,"1":0,"2":0},"f":{"0":0},"b":{},"inputSourceMap":null,"_coverageSchema":"1a1c01bbd47fc00a2c39e90264f33305004495a9","hash":"a95274bca3e8e5eea7a0f51e8d31c586bcfcb8a8"}
,"/Users/akshay.ahuja/Desktop/tasks/e-commerce/backend/src/actions/order/cancelOrder.action.js": {"path":"/Users/akshay.ahuja/Desktop/tasks/e-commerce/backend/src/actions/order/cancelOrder.action.js","statementMap":{"0":{"start":{"line":14,"column":33},"end":{"line":53,"column":1}},"1":{"start":{"line":15,"column":16},"end":{"line":15,"column":45}},"2":{"start":{"line":16,"column":2},"end":{"line":18,"column":3}},"3":{"start":{"line":17,"column":4},"end":{"line":17,"column":48}},"4":{"start":{"line":21,"column":2},"end":{"line":28,"column":3}},"5":{"start":{"line":22,"column":4},"end":{"line":24,"column":5}},"6":{"start":{"line":23,"column":6},"end":{"line":23,"column":71}},"7":{"start":{"line":25,"column":4},"end":{"line":27,"column":5}},"8":{"start":{"line":26,"column":6},"end":{"line":26,"column":86}},"9":{"start":{"line":30,"column":2},"end":{"line":32,"column":3}},"10":{"start":{"line":31,"column":4},"end":{"line":31,"column":69}},"11":{"start":{"line":34,"column":2},"end":{"line":36,"column":3}},"12":{"start":{"line":35,"column":4},"end":{"line":35,"column":59}},"13":{"start":{"line":39,"column":31},"end":{"line":41,"column":3}},"14":{"start":{"line":40,"column":4},"end":{"line":40,"column":79}},"15":{"start":{"line":43,"column":2},"end":{"line":43,"column":42}},"16":{"start":{"line":46,"column":2},"end":{"line":46,"column":40}},"17":{"start":{"line":47,"column":2},"end":{"line":47,"column":33}},"18":{"start":{"line":48,"column":2},"end":{"line":48,"column":69}},"19":{"start":{"line":49,"column":2},"end":{"line":49,"column":41}},"20":{"start":{"line":51,"column":2},"end":{"line":51,"column":21}},"21":{"start":{"line":52,"column":2},"end":{"line":52,"column":15}}},"fnMap":{"0":{"name":"(anonymous_0)","decl":{"start":{"line":14,"column":33},"end":{"line":14,"column":34}},"loc":{"start":{"line":14,"column":73},"end":{"line":53,"column":1}},"line":14},"1":{"name":"(anonymous_1)","decl":{"start":{"line":39,"column":47},"end":{"line":39,"column":48}},"loc":{"start":{"line":40,"column":4},"end":{"line":40,"column":79}},"line":40}},"branchMap":{"0":{"loc":{"start":{"line":16,"column":2},"end":{"line":18,"column":3}},"type":"if","locations":[{"start":{"line":16,"column":2},"end":{"line":18,"column":3}},{"start":{},"end":{}}],"line":16},"1":{"loc":{"start":{"line":21,"column":2},"end":{"line":28,"column":3}},"type":"if","locations":[{"start":{"line":21,"column":2},"end":{"line":28,"column":3}},{"start":{},"end":{}}],"line":21},"2":{"loc":{"start":{"line":22,"column":4},"end":{"line":24,"column":5}},"type":"if","locations":[{"start":{"line":22,"column":4},"end":{"line":24,"column":5}},{"start":{},"end":{}}],"line":22},"3":{"loc":{"start":{"line":25,"column":4},"end":{"line":27,"column":5}},"type":"if","locations":[{"start":{"line":25,"column":4},"end":{"line":27,"column":5}},{"start":{},"end":{}}],"line":25},"4":{"loc":{"start":{"line":30,"column":2},"end":{"line":32,"column":3}},"type":"if","locations":[{"start":{"line":30,"column":2},"end":{"line":32,"column":3}},{"start":{},"end":{}}],"line":30},"5":{"loc":{"start":{"line":34,"column":2},"end":{"line":36,"column":3}},"type":"if","locations":[{"start":{"line":34,"column":2},"end":{"line":36,"column":3}},{"start":{},"end":{}}],"line":34},"6":{"loc":{"start":{"line":48,"column":29},"end":{"line":48,"column":68}},"type":"binary-expr","locations":[{"start":{"line":48,"column":29},"end":{"line":48,"column":35}},{"start":{"line":48,"column":39},"end":{"line":48,"column":68}}],"line":48}},"s":{"0":1,"1":0,"2":0,"3":0,"4":0,"5":0,"6":0,"7":0,"8":0,"9":0,"10":0,"11":0,"12":0,"13":0,"14":0,"15":0,"16":0,"17":0,"18":0,"19":0,"20":0,"21":0},"f":{"0":0,"1":0},"b":{"0":[0,0],"1":[0,0],"2":[0,0],"3":[0,0],"4":[0,0],"5":[0,0],"6":[0,0]},"inputSourceMap":null,"_coverageSchema":"1a1c01bbd47fc00a2c39e90264f33305004495a9","hash":"48a89dadc97e033f4c1e92c83be8185f992cf950"}
,"/Users/akshay.ahuja/Desktop/tasks/e-commerce/backend/src/actions/order/createOrder.action.js": {"path":"/Users/akshay.ahuja/Desktop/tasks/e-commerce/backend/src/actions/order/createOrder.action.js","statementMap":{"0":{"start":{"line":16,"column":33},"end":{"line":140,"column":1}},"1":{"start":{"line":17,"column":68},"end":{"line":17,"column":80}},"2":{"start":{"line":20,"column":24},"end":{"line":20,"column":39}},"3":{"start":{"line":21,"column":2},"end":{"line":35,"column":3}},"4":{"start":{"line":22,"column":25},"end":{"line":22,"column":80}},"5":{"start":{"line":23,"column":4},"end":{"line":25,"column":5}},"6":{"start":{"line":24,"column":6},"end":{"line":24,"column":67}},"7":{"start":{"line":26,"column":4},"end":{"line":34,"column":6}},"8":{"start":{"line":37,"column":2},"end":{"line":39,"column":3}},"9":{"start":{"line":38,"column":4},"end":{"line":38,"column":61}},"10":{"start":{"line":42,"column":15},"end":{"line":42,"column":77}},"11":{"start":{"line":43,"column":2},"end":{"line":45,"column":3}},"12":{"start":{"line":44,"column":4},"end":{"line":44,"column":80}},"13":{"start":{"line":48,"column":21},"end":{"line":48,"column":23}},"14":{"start":{"line":49,"column":30},"end":{"line":49,"column":32}},"15":{"start":{"line":51,"column":2},"end":{"line":77,"column":3}},"16":{"start":{"line":52,"column":20},"end":{"line":52,"column":32}},"17":{"start":{"line":53,"column":4},"end":{"line":55,"column":5}},"18":{"start":{"line":54,"column":6},"end":{"line":54,"column":105}},"19":{"start":{"line":57,"column":4},"end":{"line":59,"column":5}},"20":{"start":{"line":58,"column":6},"end":{"line":58,"column":111}},"21":{"start":{"line":61,"column":4},"end":{"line":67,"column":7}},"22":{"start":{"line":70,"column":4},"end":{"line":76,"column":6}},"23":{"start":{"line":80,"column":19},"end":{"line":80,"column":35}},"24":{"start":{"line":81,"column":17},"end":{"line":81,"column":18}},"25":{"start":{"line":84,"column":2},"end":{"line":107,"column":3}},"26":{"start":{"line":85,"column":19},"end":{"line":85,"column":75}},"27":{"start":{"line":86,"column":4},"end":{"line":88,"column":5}},"28":{"start":{"line":87,"column":6},"end":{"line":87,"column":54}},"29":{"start":{"line":90,"column":4},"end":{"line":92,"column":5}},"30":{"start":{"line":91,"column":6},"end":{"line":91,"column":98}},"31":{"start":{"line":94,"column":4},"end":{"line":98,"column":5}},"32":{"start":{"line":95,"column":6},"end":{"line":95,"column":59}},"33":{"start":{"line":97,"column":6},"end":{"line":97,"column":38}},"34":{"start":{"line":101,"column":4},"end":{"line":101,"column":46}},"35":{"start":{"line":102,"column":4},"end":{"line":102,"column":27}},"36":{"start":{"line":105,"column":4},"end":{"line":105,"column":26}},"37":{"start":{"line":106,"column":4},"end":{"line":106,"column":24}},"38":{"start":{"line":110,"column":19},"end":{"line":110,"column":60}},"39":{"start":{"line":111,"column":24},"end":{"line":111,"column":91}},"40":{"start":{"line":112,"column":22},"end":{"line":112,"column":85}},"41":{"start":{"line":115,"column":2},"end":{"line":115,"column":41}},"42":{"start":{"line":118,"column":16},"end":{"line":132,"column":4}},"43":{"start":{"line":135,"column":2},"end":{"line":135,"column":18}},"44":{"start":{"line":136,"column":2},"end":{"line":136,"column":23}},"45":{"start":{"line":137,"column":2},"end":{"line":137,"column":20}},"46":{"start":{"line":139,"column":2},"end":{"line":139,"column":15}}},"fnMap":{"0":{"name":"(anonymous_0)","decl":{"start":{"line":16,"column":33},"end":{"line":16,"column":34}},"loc":{"start":{"line":16,"column":65},"end":{"line":140,"column":1}},"line":16}},"branchMap":{"0":{"loc":{"start":{"line":21,"column":2},"end":{"line":35,"column":3}},"type":"if","locations":[{"start":{"line":21,"column":2},"end":{"line":35,"column":3}},{"start":{},"end":{}}],"line":21},"1":{"loc":{"start":{"line":23,"column":4},"end":{"line":25,"column":5}},"type":"if","locations":[{"start":{"line":23,"column":4},"end":{"line":25,"column":5}},{"start":{},"end":{}}],"line":23},"2":{"loc":{"start":{"line":37,"column":2},"end":{"line":39,"column":3}},"type":"if","locations":[{"start":{"line":37,"column":2},"end":{"line":39,"column":3}},{"start":{},"end":{}}],"line":37},"3":{"loc":{"start":{"line":43,"column":2},"end":{"line":45,"column":3}},"type":"if","locations":[{"start":{"line":43,"column":2},"end":{"line":45,"column":3}},{"start":{},"end":{}}],"line":43},"4":{"loc":{"start":{"line":43,"column":6},"end":{"line":43,"column":38}},"type":"binary-expr","locations":[{"start":{"line":43,"column":6},"end":{"line":43,"column":11}},{"start":{"line":43,"column":15},"end":{"line":43,"column":38}}],"line":43},"5":{"loc":{"start":{"line":53,"column":4},"end":{"line":55,"column":5}},"type":"if","locations":[{"start":{"line":53,"column":4},"end":{"line":55,"column":5}},{"start":{},"end":{}}],"line":53},"6":{"loc":{"start":{"line":53,"column":8},"end":{"line":53,"column":37}},"type":"binary-expr","locations":[{"start":{"line":53,"column":8},"end":{"line":53,"column":16}},{"start":{"line":53,"column":20},"end":{"line":53,"column":37}}],"line":53},"7":{"loc":{"start":{"line":54,"column":42},"end":{"line":54,"column":76}},"type":"cond-expr","locations":[{"start":{"line":54,"column":52},"end":{"line":54,"column":64}},{"start":{"line":54,"column":67},"end":{"line":54,"column":76}}],"line":54},"8":{"loc":{"start":{"line":57,"column":4},"end":{"line":59,"column":5}},"type":"if","locations":[{"start":{"line":57,"column":4},"end":{"line":59,"column":5}},{"start":{},"end":{}}],"line":57},"9":{"loc":{"start":{"line":84,"column":2},"end":{"line":107,"column":3}},"type":"if","locations":[{"start":{"line":84,"column":2},"end":{"line":107,"column":3}},{"start":{},"end":{}}],"line":84},"10":{"loc":{"start":{"line":86,"column":4},"end":{"line":88,"column":5}},"type":"if","locations":[{"start":{"line":86,"column":4},"end":{"line":88,"column":5}},{"start":{},"end":{}}],"line":86},"11":{"loc":{"start":{"line":90,"column":4},"end":{"line":92,"column":5}},"type":"if","locations":[{"start":{"line":90,"column":4},"end":{"line":92,"column":5}},{"start":{},"end":{}}],"line":90},"12":{"loc":{"start":{"line":94,"column":4},"end":{"line":98,"column":5}},"type":"if","locations":[{"start":{"line":94,"column":4},"end":{"line":98,"column":5}},{"start":{"line":96,"column":11},"end":{"line":98,"column":5}}],"line":94},"13":{"loc":{"start":{"line":111,"column":24},"end":{"line":111,"column":91}},"type":"cond-expr","locations":[{"start":{"line":111,"column":85},"end":{"line":111,"column":86}},{"start":{"line":111,"column":89},"end":{"line":111,"column":91}}],"line":111},"14":{"loc":{"start":{"line":111,"column":24},"end":{"line":111,"column":82}},"type":"binary-expr","locations":[{"start":{"line":111,"column":24},"end":{"line":111,"column":41}},{"start":{"line":111,"column":45},"end":{"line":111,"column":82}}],"line":111},"15":{"loc":{"start":{"line":124,"column":10},"end":{"line":124,"column":81}},"type":"cond-expr","locations":[{"start":{"line":124,"column":50},"end":{"line":124,"column":69}},{"start":{"line":124,"column":72},"end":{"line":124,"column":81}}],"line":124},"16":{"loc":{"start":{"line":125,"column":14},"end":{"line":125,"column":75}},"type":"cond-expr","locations":[{"start":{"line":125,"column":54},"end":{"line":125,"column":63}},{"start":{"line":125,"column":66},"end":{"line":125,"column":75}}],"line":125}},"s":{"0":1,"1":0,"2":0,"3":0,"4":0,"5":0,"6":0,"7":0,"8":0,"9":0,"10":0,"11":0,"12":0,"13":0,"14":0,"15":0,"16":0,"17":0,"18":0,"19":0,"20":0,"21":0,"22":0,"23":0,"24":0,"25":0,"26":0,"27":0,"28":0,"29":0,"30":0,"31":0,"32":0,"33":0,"34":0,"35":0,"36":0,"37":0,"38":0,"39":0,"40":0,"41":0,"42":0,"43":0,"44":0,"45":0,"46":0},"f":{"0":0},"b":{"0":[0,0],"1":[0,0],"2":[0,0],"3":[0,0],"4":[0,0],"5":[0,0],"6":[0,0],"7":[0,0],"8":[0,0],"9":[0,0],"10":[0,0],"11":[0,0],"12":[0,0],"13":[0,0],"14":[0,0],"15":[0,0],"16":[0,0]},"inputSourceMap":null,"_coverageSchema":"1a1c01bbd47fc00a2c39e90264f33305004495a9","hash":"3d3fa0c80e1b35c673ad1e17b4cec844c9070346"}
,"/Users/akshay.ahuja/Desktop/tasks/e-commerce/backend/src/actions/order/getOrderById.action.js": {"path":"/Users/akshay.ahuja/Desktop/tasks/e-commerce/backend/src/actions/order/getOrderById.action.js","statementMap":{"0":{"start":{"line":11,"column":34},"end":{"line":24,"column":1}},"1":{"start":{"line":12,"column":16},"end":{"line":12,"column":76}},"2":{"start":{"line":14,"column":2},"end":{"line":16,"column":3}},"3":{"start":{"line":15,"column":4},"end":{"line":15,"column":48}},"4":{"start":{"line":19,"column":2},"end":{"line":21,"column":3}},"5":{"start":{"line":20,"column":4},"end":{"line":20,"column":89}},"6":{"start":{"line":23,"column":2},"end":{"line":23,"column":15}}},"fnMap":{"0":{"name":"(anonymous_0)","decl":{"start":{"line":11,"column":34},"end":{"line":11,"column":35}},"loc":{"start":{"line":11,"column":66},"end":{"line":24,"column":1}},"line":11}},"branchMap":{"0":{"loc":{"start":{"line":14,"column":2},"end":{"line":16,"column":3}},"type":"if","locations":[{"start":{"line":14,"column":2},"end":{"line":16,"column":3}},{"start":{},"end":{}}],"line":14},"1":{"loc":{"start":{"line":19,"column":2},"end":{"line":21,"column":3}},"type":"if","locations":[{"start":{"line":19,"column":2},"end":{"line":21,"column":3}},{"start":{},"end":{}}],"line":19},"2":{"loc":{"start":{"line":19,"column":6},"end":{"line":19,"column":81}},"type":"binary-expr","locations":[{"start":{"line":19,"column":6},"end":{"line":19,"column":33}},{"start":{"line":19,"column":37},"end":{"line":19,"column":81}}],"line":19}},"s":{"0":1,"1":0,"2":0,"3":0,"4":0,"5":0,"6":0},"f":{"0":0},"b":{"0":[0,0],"1":[0,0],"2":[0,0]},"inputSourceMap":null,"_coverageSchema":"1a1c01bbd47fc00a2c39e90264f33305004495a9","hash":"d7612ea8760f05f16d62b5651e0a5230d8c91a93"}
,"/Users/akshay.ahuja/Desktop/tasks/e-commerce/backend/src/actions/order/getOrders.action.js": {"path":"/Users/akshay.ahuja/Desktop/tasks/e-commerce/backend/src/actions/order/getOrders.action.js","statementMap":{"0":{"start":{"line":11,"column":31},"end":{"line":34,"column":1}},"1":{"start":{"line":12,"column":34},"end":{"line":12,"column":45}},"2":{"start":{"line":14,"column":17},"end":{"line":14,"column":19}},"3":{"start":{"line":17,"column":2},"end":{"line":19,"column":3}},"4":{"start":{"line":18,"column":4},"end":{"line":18,"column":33}},"5":{"start":{"line":22,"column":2},"end":{"line":24,"column":3}},"6":{"start":{"line":23,"column":4},"end":{"line":23,"column":27}},"7":{"start":{"line":26,"column":17},"end":{"line":31,"column":4}},"8":{"start":{"line":33,"column":2},"end":{"line":33,"column":16}}},"fnMap":{"0":{"name":"(anonymous_0)","decl":{"start":{"line":11,"column":31},"end":{"line":11,"column":32}},"loc":{"start":{"line":11,"column":67},"end":{"line":34,"column":1}},"line":11}},"branchMap":{"0":{"loc":{"start":{"line":17,"column":2},"end":{"line":19,"column":3}},"type":"if","locations":[{"start":{"line":17,"column":2},"end":{"line":19,"column":3}},{"start":{},"end":{}}],"line":17},"1":{"loc":{"start":{"line":22,"column":2},"end":{"line":24,"column":3}},"type":"if","locations":[{"start":{"line":22,"column":2},"end":{"line":24,"column":3}},{"start":{},"end":{}}],"line":22}},"s":{"0":1,"1":0,"2":0,"3":0,"4":0,"5":0,"6":0,"7":0,"8":0},"f":{"0":0},"b":{"0":[0,0],"1":[0,0]},"inputSourceMap":null,"_coverageSchema":"1a1c01bbd47fc00a2c39e90264f33305004495a9","hash":"9ccdd6ff467e39db99efa47d078bcc1b3418f56e"}
,"/Users/akshay.ahuja/Desktop/tasks/e-commerce/backend/src/actions/order/updateOrderStatus.action.js": {"path":"/Users/akshay.ahuja/Desktop/tasks/e-commerce/backend/src/actions/order/updateOrderStatus.action.js","statementMap":{"0":{"start":{"line":12,"column":39},"end":{"line":35,"column":1}},"1":{"start":{"line":13,"column":16},"end":{"line":13,"column":45}},"2":{"start":{"line":14,"column":2},"end":{"line":16,"column":3}},"3":{"start":{"line":15,"column":4},"end":{"line":15,"column":48}},"4":{"start":{"line":18,"column":2},"end":{"line":20,"column":3}},"5":{"start":{"line":19,"column":4},"end":{"line":19,"column":87}},"6":{"start":{"line":22,"column":2},"end":{"line":24,"column":3}},"7":{"start":{"line":23,"column":4},"end":{"line":23,"column":73}},"8":{"start":{"line":26,"column":2},"end":{"line":26,"column":24}},"9":{"start":{"line":28,"column":2},"end":{"line":31,"column":3}},"10":{"start":{"line":29,"column":4},"end":{"line":29,"column":35}},"11":{"start":{"line":30,"column":4},"end":{"line":30,"column":38}},"12":{"start":{"line":33,"column":2},"end":{"line":33,"column":21}},"13":{"start":{"line":34,"column":2},"end":{"line":34,"column":15}}},"fnMap":{"0":{"name":"(anonymous_0)","decl":{"start":{"line":12,"column":39},"end":{"line":12,"column":40}},"loc":{"start":{"line":12,"column":66},"end":{"line":35,"column":1}},"line":12}},"branchMap":{"0":{"loc":{"start":{"line":14,"column":2},"end":{"line":16,"column":3}},"type":"if","locations":[{"start":{"line":14,"column":2},"end":{"line":16,"column":3}},{"start":{},"end":{}}],"line":14},"1":{"loc":{"start":{"line":18,"column":2},"end":{"line":20,"column":3}},"type":"if","locations":[{"start":{"line":18,"column":2},"end":{"line":20,"column":3}},{"start":{},"end":{}}],"line":18},"2":{"loc":{"start":{"line":22,"column":2},"end":{"line":24,"column":3}},"type":"if","locations":[{"start":{"line":22,"column":2},"end":{"line":24,"column":3}},{"start":{},"end":{}}],"line":22},"3":{"loc":{"start":{"line":28,"column":2},"end":{"line":31,"column":3}},"type":"if","locations":[{"start":{"line":28,"column":2},"end":{"line":31,"column":3}},{"start":{},"end":{}}],"line":28}},"s":{"0":1,"1":0,"2":0,"3":0,"4":0,"5":0,"6":0,"7":0,"8":0,"9":0,"10":0,"11":0,"12":0,"13":0},"f":{"0":0},"b":{"0":[0,0],"1":[0,0],"2":[0,0],"3":[0,0]},"inputSourceMap":null,"_coverageSchema":"1a1c01bbd47fc00a2c39e90264f33305004495a9","hash":"b3d30dc659bd039cf82fd74ad139d6dfadf2d1c6"}
,"/Users/akshay.ahuja/Desktop/tasks/e-commerce/backend/src/actions/payment/createPayment.action.js": {"path":"/Users/akshay.ahuja/Desktop/tasks/e-commerce/backend/src/actions/payment/createPayment.action.js","statementMap":{"0":{"start":{"line":14,"column":35},"end":{"line":63,"column":1}},"1":{"start":{"line":15,"column":16},"end":{"line":15,"column":67}},"2":{"start":{"line":16,"column":2},"end":{"line":18,"column":3}},"3":{"start":{"line":17,"column":4},"end":{"line":17,"column":48}},"4":{"start":{"line":20,"column":2},"end":{"line":22,"column":3}},"5":{"start":{"line":21,"column":4},"end":{"line":21,"column":86}},"6":{"start":{"line":25,"column":2},"end":{"line":29,"column":3}},"7":{"start":{"line":26,"column":4},"end":{"line":26,"column":37}},"8":{"start":{"line":28,"column":4},"end":{"line":28,"column":81}},"9":{"start":{"line":32,"column":22},"end":{"line":32,"column":57}},"10":{"start":{"line":34,"column":18},"end":{"line":38,"column":3}},"11":{"start":{"line":40,"column":2},"end":{"line":62,"column":3}},"12":{"start":{"line":41,"column":26},"end":{"line":41,"column":63}},"13":{"start":{"line":44,"column":4},"end":{"line":50,"column":7}},"14":{"start":{"line":52,"column":4},"end":{"line":58,"column":6}},"15":{"start":{"line":60,"column":4},"end":{"line":60,"column":72}},"16":{"start":{"line":61,"column":4},"end":{"line":61,"column":86}}},"fnMap":{"0":{"name":"(anonymous_0)","decl":{"start":{"line":14,"column":35},"end":{"line":14,"column":36}},"loc":{"start":{"line":14,"column":62},"end":{"line":63,"column":1}},"line":14}},"branchMap":{"0":{"loc":{"start":{"line":16,"column":2},"end":{"line":18,"column":3}},"type":"if","locations":[{"start":{"line":16,"column":2},"end":{"line":18,"column":3}},{"start":{},"end":{}}],"line":16},"1":{"loc":{"start":{"line":20,"column":2},"end":{"line":22,"column":3}},"type":"if","locations":[{"start":{"line":20,"column":2},"end":{"line":22,"column":3}},{"start":{},"end":{}}],"line":20}},"s":{"0":1,"1":0,"2":0,"3":0,"4":0,"5":0,"6":0,"7":0,"8":0,"9":0,"10":0,"11":0,"12":0,"13":0,"14":0,"15":0,"16":0},"f":{"0":0},"b":{"0":[0,0],"1":[0,0]},"inputSourceMap":null,"_coverageSchema":"1a1c01bbd47fc00a2c39e90264f33305004495a9","hash":"3873168dedec9a38123f3464501af79582e7f24a"}
,"/Users/akshay.ahuja/Desktop/tasks/e-commerce/backend/src/actions/payment/refundPayment.action.js": {"path":"/Users/akshay.ahuja/Desktop/tasks/e-commerce/backend/src/actions/payment/refundPayment.action.js","statementMap":{"0":{"start":{"line":13,"column":35},"end":{"line":58,"column":1}},"1":{"start":{"line":14,"column":18},"end":{"line":14,"column":88}},"2":{"start":{"line":15,"column":2},"end":{"line":17,"column":3}},"3":{"start":{"line":16,"column":4},"end":{"line":16,"column":77}},"4":{"start":{"line":19,"column":16},"end":{"line":19,"column":45}},"5":{"start":{"line":20,"column":2},"end":{"line":22,"column":3}},"6":{"start":{"line":21,"column":4},"end":{"line":21,"column":48}},"7":{"start":{"line":25,"column":2},"end":{"line":29,"column":3}},"8":{"start":{"line":26,"column":4},"end":{"line":26,"column":37}},"9":{"start":{"line":28,"column":4},"end":{"line":28,"column":64}},"10":{"start":{"line":31,"column":2},"end":{"line":57,"column":3}},"11":{"start":{"line":33,"column":27},"end":{"line":36,"column":6}},"12":{"start":{"line":39,"column":4},"end":{"line":39,"column":45}},"13":{"start":{"line":40,"column":4},"end":{"line":40,"column":41}},"14":{"start":{"line":41,"column":4},"end":{"line":41,"column":49}},"15":{"start":{"line":42,"column":4},"end":{"line":42,"column":25}},"16":{"start":{"line":45,"column":4},"end":{"line":45,"column":42}},"17":{"start":{"line":46,"column":4},"end":{"line":46,"column":42}},"18":{"start":{"line":47,"column":4},"end":{"line":47,"column":23}},"19":{"start":{"line":49,"column":4},"end":{"line":53,"column":6}},"20":{"start":{"line":55,"column":4},"end":{"line":55,"column":64}},"21":{"start":{"line":56,"column":4},"end":{"line":56,"column":74}}},"fnMap":{"0":{"name":"(anonymous_0)","decl":{"start":{"line":13,"column":35},"end":{"line":13,"column":36}},"loc":{"start":{"line":13,"column":54},"end":{"line":58,"column":1}},"line":13}},"branchMap":{"0":{"loc":{"start":{"line":15,"column":2},"end":{"line":17,"column":3}},"type":"if","locations":[{"start":{"line":15,"column":2},"end":{"line":17,"column":3}},{"start":{},"end":{}}],"line":15},"1":{"loc":{"start":{"line":20,"column":2},"end":{"line":22,"column":3}},"type":"if","locations":[{"start":{"line":20,"column":2},"end":{"line":22,"column":3}},{"start":{},"end":{}}],"line":20}},"s":{"0":1,"1":0,"2":0,"3":0,"4":0,"5":0,"6":0,"7":0,"8":0,"9":0,"10":0,"11":0,"12":0,"13":0,"14":0,"15":0,"16":0,"17":0,"18":0,"19":0,"20":0,"21":0},"f":{"0":0},"b":{"0":[0,0],"1":[0,0]},"inputSourceMap":null,"_coverageSchema":"1a1c01bbd47fc00a2c39e90264f33305004495a9","hash":"3cdc8323427834066d891b7cb31b72f33240a47d"}
,"/Users/akshay.ahuja/Desktop/tasks/e-commerce/backend/src/actions/payment/verifyPayment.action.js": {"path":"/Users/akshay.ahuja/Desktop/tasks/e-commerce/backend/src/actions/payment/verifyPayment.action.js","statementMap":{"0":{"start":{"line":14,"column":35},"end":{"line":62,"column":1}},"1":{"start":{"line":15,"column":82},"end":{"line":15,"column":98}},"2":{"start":{"line":18,"column":15},"end":{"line":18,"column":60}},"3":{"start":{"line":19,"column":29},"end":{"line":22,"column":18}},"4":{"start":{"line":24,"column":27},"end":{"line":24,"column":68}},"5":{"start":{"line":26,"column":2},"end":{"line":33,"column":3}},"6":{"start":{"line":28,"column":4},"end":{"line":31,"column":6}},"7":{"start":{"line":32,"column":4},"end":{"line":32,"column":70}},"8":{"start":{"line":36,"column":18},"end":{"line":36,"column":76}},"9":{"start":{"line":37,"column":2},"end":{"line":39,"column":3}},"10":{"start":{"line":38,"column":4},"end":{"line":38,"column":57}},"11":{"start":{"line":42,"column":2},"end":{"line":42,"column":39}},"12":{"start":{"line":43,"column":2},"end":{"line":43,"column":52}},"13":{"start":{"line":44,"column":2},"end":{"line":44,"column":50}},"14":{"start":{"line":45,"column":2},"end":{"line":45,"column":23}},"15":{"start":{"line":48,"column":16},"end":{"line":48,"column":45}},"16":{"start":{"line":49,"column":2},"end":{"line":51,"column":3}},"17":{"start":{"line":50,"column":4},"end":{"line":50,"column":72}},"18":{"start":{"line":53,"column":2},"end":{"line":53,"column":36}},"19":{"start":{"line":54,"column":2},"end":{"line":54,"column":45}},"20":{"start":{"line":55,"column":2},"end":{"line":55,"column":41}},"21":{"start":{"line":56,"column":2},"end":{"line":56,"column":21}},"22":{"start":{"line":58,"column":2},"end":{"line":61,"column":4}}},"fnMap":{"0":{"name":"(anonymous_0)","decl":{"start":{"line":14,"column":35},"end":{"line":14,"column":36}},"loc":{"start":{"line":14,"column":71},"end":{"line":62,"column":1}},"line":14}},"branchMap":{"0":{"loc":{"start":{"line":20,"column":26},"end":{"line":20,"column":69}},"type":"binary-expr","locations":[{"start":{"line":20,"column":26},"end":{"line":20,"column":57}},{"start":{"line":20,"column":61},"end":{"line":20,"column":69}}],"line":20},"1":{"loc":{"start":{"line":26,"column":2},"end":{"line":33,"column":3}},"type":"if","locations":[{"start":{"line":26,"column":2},"end":{"line":33,"column":3}},{"start":{},"end":{}}],"line":26},"2":{"loc":{"start":{"line":37,"column":2},"end":{"line":39,"column":3}},"type":"if","locations":[{"start":{"line":37,"column":2},"end":{"line":39,"column":3}},{"start":{},"end":{}}],"line":37},"3":{"loc":{"start":{"line":49,"column":2},"end":{"line":51,"column":3}},"type":"if","locations":[{"start":{"line":49,"column":2},"end":{"line":51,"column":3}},{"start":{},"end":{}}],"line":49}},"s":{"0":1,"1":0,"2":0,"3":0,"4":0,"5":0,"6":0,"7":0,"8":0,"9":0,"10":0,"11":0,"12":0,"13":0,"14":0,"15":0,"16":0,"17":0,"18":0,"19":0,"20":0,"21":0,"22":0},"f":{"0":0},"b":{"0":[0,0],"1":[0,0],"2":[0,0],"3":[0,0]},"inputSourceMap":null,"_coverageSchema":"1a1c01bbd47fc00a2c39e90264f33305004495a9","hash":"5a03d7b31d69edf316241a22a66f87e6c545ffb2"}
,"/Users/akshay.ahuja/Desktop/tasks/e-commerce/backend/src/actions/product/createProduct.action.js": {"path":"/Users/akshay.ahuja/Desktop/tasks/e-commerce/backend/src/actions/product/createProduct.action.js","statementMap":{"0":{"start":{"line":11,"column":35},"end":{"line":27,"column":1}},"1":{"start":{"line":12,"column":23},"end":{"line":12,"column":34}},"2":{"start":{"line":15,"column":25},"end":{"line":15,"column":58}},"3":{"start":{"line":16,"column":2},"end":{"line":18,"column":3}},"4":{"start":{"line":17,"column":4},"end":{"line":17,"column":65}},"5":{"start":{"line":21,"column":18},"end":{"line":24,"column":4}},"6":{"start":{"line":26,"column":2},"end":{"line":26,"column":17}}},"fnMap":{"0":{"name":"(anonymous_0)","decl":{"start":{"line":11,"column":35},"end":{"line":11,"column":36}},"loc":{"start":{"line":11,"column":68},"end":{"line":27,"column":1}},"line":11}},"branchMap":{"0":{"loc":{"start":{"line":16,"column":2},"end":{"line":18,"column":3}},"type":"if","locations":[{"start":{"line":16,"column":2},"end":{"line":18,"column":3}},{"start":{},"end":{}}],"line":16}},"s":{"0":1,"1":0,"2":0,"3":0,"4":0,"5":0,"6":0},"f":{"0":0},"b":{"0":[0,0]},"inputSourceMap":null,"_coverageSchema":"1a1c01bbd47fc00a2c39e90264f33305004495a9","hash":"b30b819a707b5de573243bca8148763dce52c1ff"}
,"/Users/akshay.ahuja/Desktop/tasks/e-commerce/backend/src/actions/product/deleteProduct.action.js": {"path":"/Users/akshay.ahuja/Desktop/tasks/e-commerce/backend/src/actions/product/deleteProduct.action.js","statementMap":{"0":{"start":{"line":11,"column":35},"end":{"line":30,"column":1}},"1":{"start":{"line":12,"column":18},"end":{"line":12,"column":51}},"2":{"start":{"line":13,"column":2},"end":{"line":15,"column":3}},"3":{"start":{"line":14,"column":4},"end":{"line":14,"column":50}},"4":{"start":{"line":18,"column":2},"end":{"line":20,"column":3}},"5":{"start":{"line":19,"column":4},"end":{"line":19,"column":81}},"6":{"start":{"line":23,"column":2},"end":{"line":23,"column":45}},"7":{"start":{"line":26,"column":2},"end":{"line":29,"column":5}}},"fnMap":{"0":{"name":"(anonymous_0)","decl":{"start":{"line":11,"column":35},"end":{"line":11,"column":36}},"loc":{"start":{"line":11,"column":69},"end":{"line":30,"column":1}},"line":11}},"branchMap":{"0":{"loc":{"start":{"line":13,"column":2},"end":{"line":15,"column":3}},"type":"if","locations":[{"start":{"line":13,"column":2},"end":{"line":15,"column":3}},{"start":{},"end":{}}],"line":13},"1":{"loc":{"start":{"line":18,"column":2},"end":{"line":20,"column":3}},"type":"if","locations":[{"start":{"line":18,"column":2},"end":{"line":20,"column":3}},{"start":{},"end":{}}],"line":18},"2":{"loc":{"start":{"line":18,"column":6},"end":{"line":18,"column":83}},"type":"binary-expr","locations":[{"start":{"line":18,"column":6},"end":{"line":18,"column":35}},{"start":{"line":18,"column":39},"end":{"line":18,"column":83}}],"line":18}},"s":{"0":1,"1":0,"2":0,"3":0,"4":0,"5":0,"6":0,"7":0},"f":{"0":0},"b":{"0":[0,0],"1":[0,0],"2":[0,0]},"inputSourceMap":null,"_coverageSchema":"1a1c01bbd47fc00a2c39e90264f33305004495a9","hash":"153d64d323bc680b49643a148bb5b8136ca2ae1d"}
,"/Users/akshay.ahuja/Desktop/tasks/e-commerce/backend/src/actions/product/getProductById.action.js": {"path":"/Users/akshay.ahuja/Desktop/tasks/e-commerce/backend/src/actions/product/getProductById.action.js","statementMap":{"0":{"start":{"line":9,"column":36},"end":{"line":23,"column":1}},"1":{"start":{"line":10,"column":21},"end":{"line":10,"column":57}},"2":{"start":{"line":12,"column":16},"end":{"line":12,"column":71}},"3":{"start":{"line":14,"column":18},"end":{"line":16,"column":37}},"4":{"start":{"line":18,"column":2},"end":{"line":20,"column":3}},"5":{"start":{"line":19,"column":4},"end":{"line":19,"column":50}},"6":{"start":{"line":22,"column":2},"end":{"line":22,"column":17}}},"fnMap":{"0":{"name":"(anonymous_0)","decl":{"start":{"line":9,"column":36},"end":{"line":9,"column":37}},"loc":{"start":{"line":9,"column":58},"end":{"line":23,"column":1}},"line":9}},"branchMap":{"0":{"loc":{"start":{"line":12,"column":16},"end":{"line":12,"column":71}},"type":"cond-expr","locations":[{"start":{"line":12,"column":29},"end":{"line":12,"column":48}},{"start":{"line":12,"column":51},"end":{"line":12,"column":71}}],"line":12},"1":{"loc":{"start":{"line":18,"column":2},"end":{"line":20,"column":3}},"type":"if","locations":[{"start":{"line":18,"column":2},"end":{"line":20,"column":3}},{"start":{},"end":{}}],"line":18}},"s":{"0":1,"1":0,"2":0,"3":0,"4":0,"5":0,"6":0},"f":{"0":0},"b":{"0":[0,0],"1":[0,0]},"inputSourceMap":null,"_coverageSchema":"1a1c01bbd47fc00a2c39e90264f33305004495a9","hash":"583843931da682e06c80365b40c11323cb86bb94"}
,"/Users/akshay.ahuja/Desktop/tasks/e-commerce/backend/src/actions/product/getProducts.action.js": {"path":"/Users/akshay.ahuja/Desktop/tasks/e-commerce/backend/src/actions/product/getProducts.action.js","statementMap":{"0":{"start":{"line":10,"column":33},"end":{"line":49,"column":1}},"1":{"start":{"line":11,"column":79},"end":{"line":11,"column":90}},"2":{"start":{"line":13,"column":17},"end":{"line":13,"column":29}},"3":{"start":{"line":16,"column":2},"end":{"line":18,"column":3}},"4":{"start":{"line":17,"column":4},"end":{"line":17,"column":31}},"5":{"start":{"line":21,"column":2},"end":{"line":25,"column":3}},"6":{"start":{"line":22,"column":4},"end":{"line":22,"column":22}},"7":{"start":{"line":23,"column":4},"end":{"line":23,"column":69}},"8":{"start":{"line":23,"column":32},"end":{"line":23,"column":69}},"9":{"start":{"line":24,"column":4},"end":{"line":24,"column":69}},"10":{"start":{"line":24,"column":32},"end":{"line":24,"column":69}},"11":{"start":{"line":28,"column":22},"end":{"line":28,"column":24}},"12":{"start":{"line":29,"column":2},"end":{"line":38,"column":3}},"13":{"start":{"line":30,"column":4},"end":{"line":30,"column":26}},"14":{"start":{"line":31,"column":9},"end":{"line":38,"column":3}},"15":{"start":{"line":32,"column":4},"end":{"line":32,"column":27}},"16":{"start":{"line":33,"column":9},"end":{"line":38,"column":3}},"17":{"start":{"line":34,"column":4},"end":{"line":34,"column":29}},"18":{"start":{"line":37,"column":4},"end":{"line":37,"column":31}},"19":{"start":{"line":41,"column":17},"end":{"line":46,"column":4}},"20":{"start":{"line":48,"column":2},"end":{"line":48,"column":16}}},"fnMap":{"0":{"name":"(anonymous_0)","decl":{"start":{"line":10,"column":33},"end":{"line":10,"column":34}},"loc":{"start":{"line":10,"column":61},"end":{"line":49,"column":1}},"line":10}},"branchMap":{"0":{"loc":{"start":{"line":10,"column":40},"end":{"line":10,"column":56}},"type":"default-arg","locations":[{"start":{"line":10,"column":54},"end":{"line":10,"column":56}}],"line":10},"1":{"loc":{"start":{"line":11,"column":59},"end":{"line":11,"column":74}},"type":"default-arg","locations":[{"start":{"line":11,"column":70},"end":{"line":11,"column":74}}],"line":11},"2":{"loc":{"start":{"line":16,"column":2},"end":{"line":18,"column":3}},"type":"if","locations":[{"start":{"line":16,"column":2},"end":{"line":18,"column":3}},{"start":{},"end":{}}],"line":16},"3":{"loc":{"start":{"line":21,"column":2},"end":{"line":25,"column":3}},"type":"if","locations":[{"start":{"line":21,"column":2},"end":{"line":25,"column":3}},{"start":{},"end":{}}],"line":21},"4":{"loc":{"start":{"line":21,"column":6},"end":{"line":21,"column":54}},"type":"binary-expr","locations":[{"start":{"line":21,"column":6},"end":{"line":21,"column":28}},{"start":{"line":21,"column":32},"end":{"line":21,"column":54}}],"line":21},"5":{"loc":{"start":{"line":23,"column":4},"end":{"line":23,"column":69}},"type":"if","locations":[{"start":{"line":23,"column":4},"end":{"line":23,"column":69}},{"start":{},"end":{}}],"line":23},"6":{"loc":{"start":{"line":24,"column":4},"end":{"line":24,"column":69}},"type":"if","locations":[{"start":{"line":24,"column":4},"end":{"line":24,"column":69}},{"start":{},"end":{}}],"line":24},"7":{"loc":{"start":{"line":29,"column":2},"end":{"line":38,"column":3}},"type":"if","locations":[{"start":{"line":29,"column":2},"end":{"line":38,"column":3}},{"start":{"line":31,"column":9},"end":{"line":38,"column":3}}],"line":29},"8":{"loc":{"start":{"line":31,"column":9},"end":{"line":38,"column":3}},"type":"if","locations":[{"start":{"line":31,"column":9},"end":{"line":38,"column":3}},{"start":{"line":33,"column":9},"end":{"line":38,"column":3}}],"line":31},"9":{"loc":{"start":{"line":33,"column":9},"end":{"line":38,"column":3}},"type":"if","locations":[{"start":{"line":33,"column":9},"end":{"line":38,"column":3}},{"start":{"line":35,"column":9},"end":{"line":38,"column":3}}],"line":33}},"s":{"0":1,"1":0,"2":0,"3":0,"4":0,"5":0,"6":0,"7":0,"8":0,"9":0,"10":0,"11":0,"12":0,"13":0,"14":0,"15":0,"16":0,"17":0,"18":0,"19":0,"20":0},"f":{"0":0},"b":{"0":[0],"1":[0],"2":[0,0],"3":[0,0],"4":[0,0],"5":[0,0],"6":[0,0],"7":[0,0],"8":[0,0],"9":[0,0]},"inputSourceMap":null,"_coverageSchema":"1a1c01bbd47fc00a2c39e90264f33305004495a9","hash":"e8c30ee8822ba3abae2db4a9fd650a17495fa187"}
,"/Users/akshay.ahuja/Desktop/tasks/e-commerce/backend/src/actions/product/searchProducts.action.js": {"path":"/Users/akshay.ahuja/Desktop/tasks/e-commerce/backend/src/actions/product/searchProducts.action.js","statementMap":{"0":{"start":{"line":9,"column":36},"end":{"line":46,"column":1}},"1":{"start":{"line":10,"column":39},"end":{"line":10,"column":50}},"2":{"start":{"line":12,"column":17},"end":{"line":12,"column":35}},"3":{"start":{"line":15,"column":2},"end":{"line":17,"column":3}},"4":{"start":{"line":16,"column":4},"end":{"line":16,"column":38}},"5":{"start":{"line":20,"column":22},"end":{"line":20,"column":24}},"6":{"start":{"line":21,"column":2},"end":{"line":26,"column":3}},"7":{"start":{"line":23,"column":4},"end":{"line":23,"column":47}},"8":{"start":{"line":25,"column":4},"end":{"line":25,"column":31}},"9":{"start":{"line":29,"column":2},"end":{"line":33,"column":3}},"10":{"start":{"line":30,"column":4},"end":{"line":30,"column":26}},"11":{"start":{"line":31,"column":9},"end":{"line":33,"column":3}},"12":{"start":{"line":32,"column":4},"end":{"line":32,"column":27}},"13":{"start":{"line":36,"column":21},"end":{"line":36,"column":67}},"14":{"start":{"line":37,"column":17},"end":{"line":43,"column":4}},"15":{"start":{"line":45,"column":2},"end":{"line":45,"column":16}}},"fnMap":{"0":{"name":"(anonymous_0)","decl":{"start":{"line":9,"column":36},"end":{"line":9,"column":37}},"loc":{"start":{"line":9,"column":64},"end":{"line":46,"column":1}},"line":9}},"branchMap":{"0":{"loc":{"start":{"line":9,"column":43},"end":{"line":9,"column":59}},"type":"default-arg","locations":[{"start":{"line":9,"column":57},"end":{"line":9,"column":59}}],"line":9},"1":{"loc":{"start":{"line":15,"column":2},"end":{"line":17,"column":3}},"type":"if","locations":[{"start":{"line":15,"column":2},"end":{"line":17,"column":3}},{"start":{},"end":{}}],"line":15},"2":{"loc":{"start":{"line":21,"column":2},"end":{"line":26,"column":3}},"type":"if","locations":[{"start":{"line":21,"column":2},"end":{"line":26,"column":3}},{"start":{"line":24,"column":9},"end":{"line":26,"column":3}}],"line":21},"3":{"loc":{"start":{"line":29,"column":2},"end":{"line":33,"column":3}},"type":"if","locations":[{"start":{"line":29,"column":2},"end":{"line":33,"column":3}},{"start":{"line":31,"column":9},"end":{"line":33,"column":3}}],"line":29},"4":{"loc":{"start":{"line":31,"column":9},"end":{"line":33,"column":3}},"type":"if","locations":[{"start":{"line":31,"column":9},"end":{"line":33,"column":3}},{"start":{},"end":{}}],"line":31},"5":{"loc":{"start":{"line":36,"column":21},"end":{"line":36,"column":67}},"type":"cond-expr","locations":[{"start":{"line":36,"column":29},"end":{"line":36,"column":62}},{"start":{"line":36,"column":65},"end":{"line":36,"column":67}}],"line":36},"6":{"loc":{"start":{"line":40,"column":10},"end":{"line":40,"column":71}},"type":"cond-expr","locations":[{"start":{"line":40,"column":48},"end":{"line":40,"column":59}},{"start":{"line":40,"column":62},"end":{"line":40,"column":71}}],"line":40}},"s":{"0":1,"1":0,"2":0,"3":0,"4":0,"5":0,"6":0,"7":0,"8":0,"9":0,"10":0,"11":0,"12":0,"13":0,"14":0,"15":0},"f":{"0":0},"b":{"0":[0],"1":[0,0],"2":[0,0],"3":[0,0],"4":[0,0],"5":[0,0],"6":[0,0]},"inputSourceMap":null,"_coverageSchema":"1a1c01bbd47fc00a2c39e90264f33305004495a9","hash":"0c36b3b34642fb45ce95169bc70f4d93d69dc275"}
,"/Users/akshay.ahuja/Desktop/tasks/e-commerce/backend/src/actions/product/updateProduct.action.js": {"path":"/Users/akshay.ahuja/Desktop/tasks/e-commerce/backend/src/actions/product/updateProduct.action.js","statementMap":{"0":{"start":{"line":13,"column":35},"end":{"line":41,"column":1}},"1":{"start":{"line":14,"column":18},"end":{"line":14,"column":51}},"2":{"start":{"line":15,"column":2},"end":{"line":17,"column":3}},"3":{"start":{"line":16,"column":4},"end":{"line":16,"column":50}},"4":{"start":{"line":20,"column":2},"end":{"line":22,"column":3}},"5":{"start":{"line":21,"column":4},"end":{"line":21,"column":79}},"6":{"start":{"line":25,"column":2},"end":{"line":30,"column":3}},"7":{"start":{"line":26,"column":27},"end":{"line":26,"column":71}},"8":{"start":{"line":27,"column":4},"end":{"line":29,"column":5}},"9":{"start":{"line":28,"column":6},"end":{"line":28,"column":67}},"10":{"start":{"line":33,"column":2},"end":{"line":37,"column":5}},"11":{"start":{"line":34,"column":4},"end":{"line":36,"column":5}},"12":{"start":{"line":35,"column":6},"end":{"line":35,"column":37}},"13":{"start":{"line":39,"column":2},"end":{"line":39,"column":23}},"14":{"start":{"line":40,"column":2},"end":{"line":40,"column":17}}},"fnMap":{"0":{"name":"(anonymous_0)","decl":{"start":{"line":13,"column":35},"end":{"line":13,"column":36}},"loc":{"start":{"line":13,"column":81},"end":{"line":41,"column":1}},"line":13},"1":{"name":"(anonymous_1)","decl":{"start":{"line":33,"column":34},"end":{"line":33,"column":35}},"loc":{"start":{"line":33,"column":43},"end":{"line":37,"column":3}},"line":33}},"branchMap":{"0":{"loc":{"start":{"line":15,"column":2},"end":{"line":17,"column":3}},"type":"if","locations":[{"start":{"line":15,"column":2},"end":{"line":17,"column":3}},{"start":{},"end":{}}],"line":15},"1":{"loc":{"start":{"line":20,"column":2},"end":{"line":22,"column":3}},"type":"if","locations":[{"start":{"line":20,"column":2},"end":{"line":22,"column":3}},{"start":{},"end":{}}],"line":20},"2":{"loc":{"start":{"line":20,"column":6},"end":{"line":20,"column":83}},"type":"binary-expr","locations":[{"start":{"line":20,"column":6},"end":{"line":20,"column":35}},{"start":{"line":20,"column":39},"end":{"line":20,"column":83}}],"line":20},"3":{"loc":{"start":{"line":25,"column":2},"end":{"line":30,"column":3}},"type":"if","locations":[{"start":{"line":25,"column":2},"end":{"line":30,"column":3}},{"start":{},"end":{}}],"line":25},"4":{"loc":{"start":{"line":27,"column":4},"end":{"line":29,"column":5}},"type":"if","locations":[{"start":{"line":27,"column":4},"end":{"line":29,"column":5}},{"start":{},"end":{}}],"line":27},"5":{"loc":{"start":{"line":34,"column":4},"end":{"line":36,"column":5}},"type":"if","locations":[{"start":{"line":34,"column":4},"end":{"line":36,"column":5}},{"start":{},"end":{}}],"line":34}},"s":{"0":1,"1":0,"2":0,"3":0,"4":0,"5":0,"6":0,"7":0,"8":0,"9":0,"10":0,"11":0,"12":0,"13":0,"14":0},"f":{"0":0,"1":0},"b":{"0":[0,0],"1":[0,0],"2":[0,0],"3":[0,0],"4":[0,0],"5":[0,0]},"inputSourceMap":null,"_coverageSchema":"1a1c01bbd47fc00a2c39e90264f33305004495a9","hash":"5148d57285cf3bf21ee732c80e1b7d273bfcc3a8"}
,"/Users/akshay.ahuja/Desktop/tasks/e-commerce/backend/src/actions/review/createReview.action.js": {"path":"/Users/akshay.ahuja/Desktop/tasks/e-commerce/backend/src/actions/review/createReview.action.js","statementMap":{"0":{"start":{"line":13,"column":34},"end":{"line":49,"column":1}},"1":{"start":{"line":14,"column":58},"end":{"line":14,"column":68}},"2":{"start":{"line":17,"column":18},"end":{"line":17,"column":51}},"3":{"start":{"line":18,"column":2},"end":{"line":20,"column":3}},"4":{"start":{"line":19,"column":4},"end":{"line":19,"column":50}},"5":{"start":{"line":23,"column":23},"end":{"line":27,"column":4}},"6":{"start":{"line":29,"column":2},"end":{"line":31,"column":3}},"7":{"start":{"line":30,"column":4},"end":{"line":30,"column":98}},"8":{"start":{"line":34,"column":25},"end":{"line":34,"column":83}},"9":{"start":{"line":35,"column":2},"end":{"line":37,"column":3}},"10":{"start":{"line":36,"column":4},"end":{"line":36,"column":71}},"11":{"start":{"line":40,"column":17},"end":{"line":46,"column":4}},"12":{"start":{"line":48,"column":2},"end":{"line":48,"column":16}}},"fnMap":{"0":{"name":"(anonymous_0)","decl":{"start":{"line":13,"column":34},"end":{"line":13,"column":35}},"loc":{"start":{"line":13,"column":64},"end":{"line":49,"column":1}},"line":13}},"branchMap":{"0":{"loc":{"start":{"line":18,"column":2},"end":{"line":20,"column":3}},"type":"if","locations":[{"start":{"line":18,"column":2},"end":{"line":20,"column":3}},{"start":{},"end":{}}],"line":18},"1":{"loc":{"start":{"line":29,"column":2},"end":{"line":31,"column":3}},"type":"if","locations":[{"start":{"line":29,"column":2},"end":{"line":31,"column":3}},{"start":{},"end":{}}],"line":29},"2":{"loc":{"start":{"line":35,"column":2},"end":{"line":37,"column":3}},"type":"if","locations":[{"start":{"line":35,"column":2},"end":{"line":37,"column":3}},{"start":{},"end":{}}],"line":35},"3":{"loc":{"start":{"line":45,"column":12},"end":{"line":45,"column":24}},"type":"binary-expr","locations":[{"start":{"line":45,"column":12},"end":{"line":45,"column":18}},{"start":{"line":45,"column":22},"end":{"line":45,"column":24}}],"line":45}},"s":{"0":1,"1":0,"2":0,"3":0,"4":0,"5":0,"6":0,"7":0,"8":0,"9":0,"10":0,"11":0,"12":0},"f":{"0":0},"b":{"0":[0,0],"1":[0,0],"2":[0,0],"3":[0,0]},"inputSourceMap":null,"_coverageSchema":"1a1c01bbd47fc00a2c39e90264f33305004495a9","hash":"d5da1720ad7bf5299c5782c03cdd0cf44fedc8bd"}
,"/Users/akshay.ahuja/Desktop/tasks/e-commerce/backend/src/actions/review/deleteReview.action.js": {"path":"/Users/akshay.ahuja/Desktop/tasks/e-commerce/backend/src/actions/review/deleteReview.action.js","statementMap":{"0":{"start":{"line":9,"column":34},"end":{"line":22,"column":1}},"1":{"start":{"line":10,"column":17},"end":{"line":10,"column":48}},"2":{"start":{"line":11,"column":2},"end":{"line":13,"column":3}},"3":{"start":{"line":12,"column":4},"end":{"line":12,"column":49}},"4":{"start":{"line":16,"column":2},"end":{"line":18,"column":3}},"5":{"start":{"line":17,"column":4},"end":{"line":17,"column":92}},"6":{"start":{"line":21,"column":2},"end":{"line":21,"column":51}}},"fnMap":{"0":{"name":"(anonymous_0)","decl":{"start":{"line":9,"column":34},"end":{"line":9,"column":35}},"loc":{"start":{"line":9,"column":67},"end":{"line":22,"column":1}},"line":9}},"branchMap":{"0":{"loc":{"start":{"line":11,"column":2},"end":{"line":13,"column":3}},"type":"if","locations":[{"start":{"line":11,"column":2},"end":{"line":13,"column":3}},{"start":{},"end":{}}],"line":11},"1":{"loc":{"start":{"line":16,"column":2},"end":{"line":18,"column":3}},"type":"if","locations":[{"start":{"line":16,"column":2},"end":{"line":18,"column":3}},{"start":{},"end":{}}],"line":16},"2":{"loc":{"start":{"line":16,"column":6},"end":{"line":16,"column":79}},"type":"binary-expr","locations":[{"start":{"line":16,"column":6},"end":{"line":16,"column":34}},{"start":{"line":16,"column":38},"end":{"line":16,"column":79}}],"line":16}},"s":{"0":1,"1":0,"2":0,"3":0,"4":0,"5":0,"6":0},"f":{"0":0},"b":{"0":[0,0],"1":[0,0],"2":[0,0]},"inputSourceMap":null,"_coverageSchema":"1a1c01bbd47fc00a2c39e90264f33305004495a9","hash":"7823e579709e4e136dd0e6e1ae73d6ce30ac0639"}
,"/Users/akshay.ahuja/Desktop/tasks/e-commerce/backend/src/actions/review/getReviews.action.js": {"path":"/Users/akshay.ahuja/Desktop/tasks/e-commerce/backend/src/actions/review/getReviews.action.js","statementMap":{"0":{"start":{"line":10,"column":32},"end":{"line":25,"column":1}},"1":{"start":{"line":11,"column":26},"end":{"line":11,"column":37}},"2":{"start":{"line":13,"column":17},"end":{"line":22,"column":3}},"3":{"start":{"line":24,"column":2},"end":{"line":24,"column":16}}},"fnMap":{"0":{"name":"(anonymous_0)","decl":{"start":{"line":10,"column":32},"end":{"line":10,"column":33}},"loc":{"start":{"line":10,"column":71},"end":{"line":25,"column":1}},"line":10}},"branchMap":{"0":{"loc":{"start":{"line":10,"column":50},"end":{"line":10,"column":66}},"type":"default-arg","locations":[{"start":{"line":10,"column":64},"end":{"line":10,"column":66}}],"line":10}},"s":{"0":1,"1":0,"2":0,"3":0},"f":{"0":0},"b":{"0":[0]},"inputSourceMap":null,"_coverageSchema":"1a1c01bbd47fc00a2c39e90264f33305004495a9","hash":"7bd032fca345e077168e447cd94e92100824f5a7"}
,"/Users/akshay.ahuja/Desktop/tasks/e-commerce/backend/src/actions/review/updateReview.action.js": {"path":"/Users/akshay.ahuja/Desktop/tasks/e-commerce/backend/src/actions/review/updateReview.action.js","statementMap":{"0":{"start":{"line":11,"column":34},"end":{"line":29,"column":1}},"1":{"start":{"line":12,"column":17},"end":{"line":12,"column":48}},"2":{"start":{"line":13,"column":2},"end":{"line":15,"column":3}},"3":{"start":{"line":14,"column":4},"end":{"line":14,"column":49}},"4":{"start":{"line":17,"column":2},"end":{"line":19,"column":3}},"5":{"start":{"line":18,"column":4},"end":{"line":18,"column":70}},"6":{"start":{"line":22,"column":2},"end":{"line":22,"column":73}},"7":{"start":{"line":22,"column":39},"end":{"line":22,"column":73}},"8":{"start":{"line":23,"column":2},"end":{"line":23,"column":76}},"9":{"start":{"line":23,"column":40},"end":{"line":23,"column":76}},"10":{"start":{"line":24,"column":2},"end":{"line":24,"column":73}},"11":{"start":{"line":24,"column":39},"end":{"line":24,"column":73}},"12":{"start":{"line":26,"column":2},"end":{"line":26,"column":22}},"13":{"start":{"line":28,"column":2},"end":{"line":28,"column":16}}},"fnMap":{"0":{"name":"(anonymous_0)","decl":{"start":{"line":11,"column":34},"end":{"line":11,"column":35}},"loc":{"start":{"line":11,"column":74},"end":{"line":29,"column":1}},"line":11}},"branchMap":{"0":{"loc":{"start":{"line":13,"column":2},"end":{"line":15,"column":3}},"type":"if","locations":[{"start":{"line":13,"column":2},"end":{"line":15,"column":3}},{"start":{},"end":{}}],"line":13},"1":{"loc":{"start":{"line":17,"column":2},"end":{"line":19,"column":3}},"type":"if","locations":[{"start":{"line":17,"column":2},"end":{"line":19,"column":3}},{"start":{},"end":{}}],"line":17},"2":{"loc":{"start":{"line":22,"column":2},"end":{"line":22,"column":73}},"type":"if","locations":[{"start":{"line":22,"column":2},"end":{"line":22,"column":73}},{"start":{},"end":{}}],"line":22},"3":{"loc":{"start":{"line":23,"column":2},"end":{"line":23,"column":76}},"type":"if","locations":[{"start":{"line":23,"column":2},"end":{"line":23,"column":76}},{"start":{},"end":{}}],"line":23},"4":{"loc":{"start":{"line":24,"column":2},"end":{"line":24,"column":73}},"type":"if","locations":[{"start":{"line":24,"column":2},"end":{"line":24,"column":73}},{"start":{},"end":{}}],"line":24}},"s":{"0":1,"1":0,"2":0,"3":0,"4":0,"5":0,"6":0,"7":0,"8":0,"9":0,"10":0,"11":0,"12":0,"13":0},"f":{"0":0},"b":{"0":[0,0],"1":[0,0],"2":[0,0],"3":[0,0],"4":[0,0]},"inputSourceMap":null,"_coverageSchema":"1a1c01bbd47fc00a2c39e90264f33305004495a9","hash":"9f10ff810060ce9ea9b95e41b238ccc9ea798de9"}
,"/Users/akshay.ahuja/Desktop/tasks/e-commerce/backend/src/actions/user/address.action.js": {"path":"/Users/akshay.ahuja/Desktop/tasks/e-commerce/backend/src/actions/user/address.action.js","statementMap":{"0":{"start":{"line":3,"column":35},"end":{"line":9,"column":1}},"1":{"start":{"line":4,"column":18},"end":{"line":7,"column":4}},"2":{"start":{"line":8,"column":2},"end":{"line":8,"column":17}},"3":{"start":{"line":11,"column":34},"end":{"line":14,"column":1}},"4":{"start":{"line":12,"column":20},"end":{"line":12,"column":95}},"5":{"start":{"line":13,"column":2},"end":{"line":13,"column":19}},"6":{"start":{"line":16,"column":35},"end":{"line":18,"column":1}},"7":{"start":{"line":17,"column":2},"end":{"line":17,"column":67}}},"fnMap":{"0":{"name":"(anonymous_0)","decl":{"start":{"line":3,"column":35},"end":{"line":3,"column":36}},"loc":{"start":{"line":3,"column":66},"end":{"line":9,"column":1}},"line":3},"1":{"name":"(anonymous_1)","decl":{"start":{"line":11,"column":34},"end":{"line":11,"column":35}},"loc":{"start":{"line":11,"column":52},"end":{"line":14,"column":1}},"line":11},"2":{"name":"(anonymous_2)","decl":{"start":{"line":16,"column":35},"end":{"line":16,"column":36}},"loc":{"start":{"line":16,"column":64},"end":{"line":18,"column":1}},"line":16}},"branchMap":{},"s":{"0":1,"1":0,"2":0,"3":1,"4":0,"5":0,"6":1,"7":0},"f":{"0":0,"1":0,"2":0},"b":{},"inputSourceMap":null,"_coverageSchema":"1a1c01bbd47fc00a2c39e90264f33305004495a9","hash":"c6edf0594dc73f0050266702d3b177520e70256d"}
[...]
apiResponse.js": {"path":"/Users/akshay.ahuja/Desktop/tasks/e-commerce/backend/src/utils/apiResponse.js","statementMap":{"0":{"start":{"line":7,"column":4},"end":{"line":7,"column":36}},"1":{"start":{"line":8,"column":4},"end":{"line":8,"column":33}},"2":{"start":{"line":9,"column":4},"end":{"line":9,"column":27}},"3":{"start":{"line":10,"column":4},"end":{"line":10,"column":21}},"4":{"start":{"line":12,"column":4},"end":{"line":14,"column":5}},"5":{"start":{"line":13,"column":6},"end":{"line":13,"column":35}},"6":{"start":{"line":18,"column":21},"end":{"line":18,"column":75}},"7":{"start":{"line":19,"column":4},"end":{"line":19,"column":49}},"8":{"start":{"line":23,"column":4},"end":{"line":23,"column":72}},"9":{"start":{"line":27,"column":4},"end":{"line":27,"column":34}},"10":{"start":{"line":31,"column":4},"end":{"line":36,"column":7}}},"fnMap":{"0":{"name":"(anonymous_0)","decl":{"start":{"line":6,"column":2},"end":{"line":6,"column":3}},"loc":{"start":{"line":6,"column":67},"end":{"line":15,"column":3}},"line":6},"1":{"name":"(anonymous_1)","decl":{"start":{"line":17,"column":2},"end":{"line":17,"column":3}},"loc":{"start":{"line":17,"column":102},"end":{"line":20,"column":3}},"line":17},"2":{"name":"(anonymous_2)","decl":{"start":{"line":22,"column":2},"end":{"line":22,"column":3}},"loc":{"start":{"line":22,"column":78},"end":{"line":24,"column":3}},"line":22},"3":{"name":"(anonymous_3)","decl":{"start":{"line":26,"column":2},"end":{"line":26,"column":3}},"loc":{"start":{"line":26,"column":24},"end":{"line":28,"column":3}},"line":26},"4":{"name":"(anonymous_4)","decl":{"start":{"line":30,"column":2},"end":{"line":30,"column":3}},"loc":{"start":{"line":30,"column":95},"end":{"line":37,"column":3}},"line":30}},"branchMap":{"0":{"loc":{"start":{"line":6,"column":35},"end":{"line":6,"column":46}},"type":"default-arg","locations":[{"start":{"line":6,"column":42},"end":{"line":6,"column":46}}],"line":6},"1":{"loc":{"start":{"line":6,"column":48},"end":{"line":6,"column":65}},"type":"default-arg","locations":[{"start":{"line":6,"column":61},"end":{"line":6,"column":65}}],"line":6},"2":{"loc":{"start":{"line":12,"column":4},"end":{"line":14,"column":5}},"type":"if","locations":[{"start":{"line":12,"column":4},"end":{"line":14,"column":5}},{"start":{},"end":{}}],"line":12},"3":{"loc":{"start":{"line":17,"column":22},"end":{"line":17,"column":100}},"type":"default-arg","locations":[{"start":{"line":17,"column":98},"end":{"line":17,"column":100}}],"line":17},"4":{"loc":{"start":{"line":17,"column":24},"end":{"line":17,"column":40}},"type":"default-arg","locations":[{"start":{"line":17,"column":37},"end":{"line":17,"column":40}}],"line":17},"5":{"loc":{"start":{"line":17,"column":42},"end":{"line":17,"column":61}},"type":"default-arg","locations":[{"start":{"line":17,"column":52},"end":{"line":17,"column":61}}],"line":17},"6":{"loc":{"start":{"line":17,"column":63},"end":{"line":17,"column":74}},"type":"default-arg","locations":[{"start":{"line":17,"column":70},"end":{"line":17,"column":74}}],"line":17},"7":{"loc":{"start":{"line":17,"column":76},"end":{"line":17,"column":93}},"type":"default-arg","locations":[{"start":{"line":17,"column":89},"end":{"line":17,"column":93}}],"line":17},"8":{"loc":{"start":{"line":22,"column":22},"end":{"line":22,"column":76}},"type":"default-arg","locations":[{"start":{"line":22,"column":74},"end":{"line":22,"column":76}}],"line":22},"9":{"loc":{"start":{"line":22,"column":24},"end":{"line":22,"column":56}},"type":"default-arg","locations":[{"start":{"line":22,"column":34},"end":{"line":22,"column":56}}],"line":22},"10":{"loc":{"start":{"line":22,"column":58},"end":{"line":22,"column":69}},"type":"default-arg","locations":[{"start":{"line":22,"column":65},"end":{"line":22,"column":69}}],"line":22},"11":{"loc":{"start":{"line":30,"column":20},"end":{"line":30,"column":93}},"type":"default-arg","locations":[{"start":{"line":30,"column":91},"end":{"line":30,"column":93}}],"line":30},"12":{"loc":{"start":{"line":30,"column":22},"end":{"line":30,"column":38}},"type":"default-arg","locations":[{"start":{"line":30,"column":35},"end":{"line":30,"column":38}}],"line":30},"13":{"loc":{"start":{"line":30,"column":40},"end":{"line":30,"column":73}},"type":"default-arg","locations":[{"start":{"line":30,"column":50},"end":{"line":30,"column":73}}],"line":30},"14":{"loc":{"start":{"line":30,"column":75},"end":{"line":30,"column":86}},"type":"default-arg","locations":[{"start":{"line":30,"column":84},"end":{"line":30,"column":86}}],"line":30}},"s":{"0":2,"1":2,"2":2,"3":2,"4":2,"5":0,"6":2,"7":2,"8":0,"9":0,"10":0},"f":{"0":2,"1":2,"2":0,"3":0,"4":0},"b":{"0":[0],"1":[0],"2":[0,2],"3":[0],"4":[1],"5":[0],"6":[0],"7":[2],"8":[0],"9":[0],"10":[0],"11":[0],"12":[0],"13":[0],"14":[0]},"inputSourceMap":null,"_coverageSchema":"1a1c01bbd47fc00a2c39e90264f33305004495a9","hash":"2a29a5f792d3e0e25305fe1880ed7e51a03ce9cd"}
,"/Users/akshay.ahuja/Desktop/tasks/e-commerce/backend/src/utils/asyncHandler.js": {"path":"/Users/akshay.ahuja/Desktop/tasks/e-commerce/backend/src/utils/asyncHandler.js","statementMap":{"0":{"start":{"line":5,"column":21},"end":{"line":7,"column":1}},"1":{"start":{"line":5,"column":29},"end":{"line":7,"column":1}},"2":{"start":{"line":6,"column":2},"end":{"line":6,"column":50}}},"fnMap":{"0":{"name":"(anonymous_0)","decl":{"start":{"line":5,"column":21},"end":{"line":5,"column":22}},"loc":{"start":{"line":5,"column":29},"end":{"line":7,"column":1}},"line":5},"1":{"name":"(anonymous_1)","decl":{"start":{"line":5,"column":29},"end":{"line":5,"column":30}},"loc":{"start":{"line":5,"column":49},"end":{"line":7,"column":1}},"line":5}},"branchMap":{},"s":{"0":1,"1":44,"2":4},"f":{"0":44,"1":4},"b":{},"inputSourceMap":null,"_coverageSchema":"1a1c01bbd47fc00a2c39e90264f33305004495a9","hash":"2dfcf3f24dba409b05f58c3eb67e7dba011836f9"}
,"/Users/akshay.ahuja/Desktop/tasks/e-commerce/backend/src/utils/constants.js": {"path":"/Users/akshay.ahuja/Desktop/tasks/e-commerce/backend/src/utils/constants.js","statementMap":{"0":{"start":{"line":1,"column":26},"end":{"line":5,"column":1}},"1":{"start":{"line":7,"column":28},"end":{"line":13,"column":1}},"2":{"start":{"line":15,"column":30},"end":{"line":20,"column":1}},"3":{"start":{"line":22,"column":31},"end":{"line":28,"column":1}},"4":{"start":{"line":30,"column":37},"end":{"line":33,"column":1}}},"fnMap":{},"branchMap":{},"s":{"0":5,"1":5,"2":5,"3":5,"4":5},"f":{},"b":{},"inputSourceMap":null,"_coverageSchema":"1a1c01bbd47fc00a2c39e90264f33305004495a9","hash":"d21c240ee7266381bcb53c4d9aa0858d24038a62"}
,"/Users/akshay.ahuja/Desktop/tasks/e-commerce/backend/src/utils/email.util.js": {"path":"/Users/akshay.ahuja/Desktop/tasks/e-commerce/backend/src/utils/email.util.js","statementMap":{"0":{"start":{"line":13,"column":25},"end":{"line":42,"column":1}},"1":{"start":{"line":15,"column":22},"end":{"line":23,"column":4}},"2":{"start":{"line":25,"column":22},"end":{"line":30,"column":3}},"3":{"start":{"line":32,"column":2},"end":{"line":41,"column":3}},"4":{"start":{"line":33,"column":4},"end":{"line":33,"column":44}},"5":{"start":{"line":34,"column":4},"end":{"line":34,"column":66}},"6":{"start":{"line":36,"column":4},"end":{"line":36,"column":82}},"7":{"start":{"line":38,"column":4},"end":{"line":40,"column":5}},"8":{"start":{"line":39,"column":6},"end":{"line":39,"column":67}}},"fnMap":{"0":{"name":"(anonymous_0)","decl":{"start":{"line":13,"column":25},"end":{"line":13,"column":26}},"loc":{"start":{"line":13,"column":44},"end":{"line":42,"column":1}},"line":13}},"branchMap":{"0":{"loc":{"start":{"line":26,"column":14},"end":{"line":26,"column":59}},"type":"binary-expr","locations":[{"start":{"line":26,"column":14},"end":{"line":26,"column":34}},{"start":{"line":26,"column":38},"end":{"line":26,"column":59}}],"line":26},"1":{"loc":{"start":{"line":29,"column":5},"end":{"line":29,"column":37}},"type":"cond-expr","locations":[{"start":{"line":29,"column":22},"end":{"line":29,"column":28}},{"start":{"line":29,"column":31},"end":{"line":29,"column":37}}],"line":29},"2":{"loc":{"start":{"line":38,"column":4},"end":{"line":40,"column":5}},"type":"if","locations":[{"start":{"line":38,"column":4},"end":{"line":40,"column":5}},{"start":{},"end":{}}],"line":38}},"s":{"0":1,"1":0,"2":0,"3":0,"4":0,"5":0,"6":0,"7":0,"8":0},"f":{"0":0},"b":{"0":[0,0],"1":[0,0],"2":[0,0]},"inputSourceMap":null,"_coverageSchema":"1a1c01bbd47fc00a2c39e90264f33305004495a9","hash":"8e9cfdca3e4497a8a945df43fcb966d5b8efb473"}
,"/Users/akshay.ahuja/Desktop/tasks/e-commerce/backend/src/utils/pagination.util.js": {"path":"/Users/akshay.ahuja/Desktop/tasks/e-commerce/backend/src/utils/pagination.util.js","statementMap":{"0":{"start":{"line":10,"column":29},"end":{"line":52,"column":1}},"1":{"start":{"line":11,"column":15},"end":{"line":11,"column":77}},"2":{"start":{"line":12,"column":14},"end":{"line":12,"column":78}},"3":{"start":{"line":15,"column":2},"end":{"line":17,"column":3}},"4":{"start":{"line":16,"column":4},"end":{"line":16,"column":42}},"5":{"start":{"line":19,"column":15},"end":{"line":19,"column":33}},"6":{"start":{"line":21,"column":21},"end":{"line":21,"column":49}},"7":{"start":{"line":22,"column":18},"end":{"line":22,"column":60}},"8":{"start":{"line":24,"column":2},"end":{"line":28,"column":3}},"9":{"start":{"line":25,"column":4},"end":{"line":25,"column":45}},"10":{"start":{"line":27,"column":4},"end":{"line":27,"column":50}},"11":{"start":{"line":30,"column":2},"end":{"line":32,"column":3}},"12":{"start":{"line":31,"column":4},"end":{"line":31,"column":53}},"13":{"start":{"line":34,"column":2},"end":{"line":36,"column":3}},"14":{"start":{"line":35,"column":4},"end":{"line":35,"column":49}},"15":{"start":{"line":38,"column":29},"end":{"line":38,"column":71}},"16":{"start":{"line":39,"column":21},"end":{"line":39,"column":50}},"17":{"start":{"line":41,"column":2},"end":{"line":51,"column":4}}},"fnMap":{"0":{"name":"(anonymous_0)","decl":{"start":{"line":10,"column":29},"end":{"line":10,"column":30}},"loc":{"start":{"line":10,"column":73},"end":{"line":52,"column":1}},"line":10}},"branchMap":{"0":{"loc":{"start":{"line":10,"column":43},"end":{"line":10,"column":54}},"type":"default-arg","locations":[{"start":{"line":10,"column":52},"end":{"line":10,"column":54}}],"line":10},"1":{"loc":{"start":{"line":10,"column":56},"end":{"line":10,"column":68}},"type":"default-arg","locations":[{"start":{"line":10,"column":66},"end":{"line":10,"column":68}}],"line":10},"2":{"loc":{"start":{"line":11,"column":15},"end":{"line":11,"column":77}},"type":"binary-expr","locations":[{"start":{"line":11,"column":15},"end":{"line":11,"column":41}},{"start":{"line":11,"column":45},"end":{"line":11,"column":77}}],"line":11},"3":{"loc":{"start":{"line":12,"column":14},"end":{"line":12,"column":78}},"type":"binary-expr","locations":[{"start":{"line":12,"column":14},"end":{"line":12,"column":41}},{"start":{"line":12,"column":45},"end":{"line":12,"column":78}}],"line":12},"4":{"loc":{"start":{"line":15,"column":2},"end":{"line":17,"column":3}},"type":"if","locations":[{"start":{"line":15,"column":2},"end":{"line":17,"column":3}},{"start":{},"end":{}}],"line":15},"5":{"loc":{"start":{"line":24,"column":2},"end":{"line":28,"column":3}},"type":"if","locations":[{"start":{"line":24,"column":2},"end":{"line":28,"column":3}},{"start":{"line":26,"column":9},"end":{"line":28,"column":3}}],"line":24},"6":{"loc":{"start":{"line":30,"column":2},"end":{"line":32,"column":3}},"type":"if","locations":[{"start":{"line":30,"column":2},"end":{"line":32,"column":3}},{"start":{},"end":{}}],"line":30},"7":{"loc":{"start":{"line":34,"column":2},"end":{"line":36,"column":3}},"type":"if","locations":[{"start":{"line":34,"column":2},"end":{"line":36,"column":3}},{"start":{},"end":{}}],"line":34},"8":{"loc":{"start":{"line":45,"column":18},"end":{"line":45,"column":33}},"type":"binary-expr","locations":[{"start":{"line":45,"column":18},"end":{"line":45,"column":28}},{"start":{"line":45,"column":32},"end":{"line":45,"column":33}}],"line":45}},"s":{"0":2,"1":1,"2":1,"3":1,"4":0,"5":1,"6":1,"7":1,"8":1,"9":1,"10":0,"11":1,"12":0,"13":1,"14":1,"15":1,"16":1,"17":1},"f":{"0":1},"b":{"0":[0],"1":[0],"2":[1,0],"3":[1,0],"4":[0,1],"5":[1,0],"6":[0,1],"7":[1,0],"8":[1,1]},"inputSourceMap":null,"_coverageSchema":"1a1c01bbd47fc00a2c39e90264f33305004495a9","hash":"cb71dcf409782e3339f6e2081bece92852e29181"}
,"/Users/akshay.ahuja/Desktop/tasks/e-commerce/backend/src/utils/token.util.js": {"path":"/Users/akshay.ahuja/Desktop/tasks/e-commerce/backend/src/utils/token.util.js","statementMap":{"0":{"start":{"line":8,"column":28},"end":{"line":14,"column":1}},"1":{"start":{"line":9,"column":2},"end":{"line":13,"column":4}},"2":{"start":{"line":20,"column":29},"end":{"line":26,"column":1}},"3":{"start":{"line":21,"column":2},"end":{"line":25,"column":4}},"4":{"start":{"line":32,"column":26},"end":{"line":34,"column":1}},"5":{"start":{"line":33,"column":2},"end":{"line":33,"column":55}},"6":{"start":{"line":40,"column":27},"end":{"line":42,"column":1}},"7":{"start":{"line":41,"column":2},"end":{"line":41,"column":56}},"8":{"start":{"line":47,"column":30},"end":{"line":57,"column":1}},"9":{"start":{"line":48,"column":23},"end":{"line":48,"column":57}},"10":{"start":{"line":50,"column":2},"end":{"line":56,"column":5}},"11":{"start":{"line":62,"column":32},"end":{"line":70,"column":1}},"12":{"start":{"line":63,"column":2},"end":{"line":69,"column":5}}},"fnMap":{"0":{"name":"(anonymous_0)","decl":{"start":{"line":8,"column":28},"end":{"line":8,"column":29}},"loc":{"start":{"line":8,"column":46},"end":{"line":14,"column":1}},"line":8},"1":{"name":"(anonymous_1)","decl":{"start":{"line":20,"column":29},"end":{"line":20,"column":30}},"loc":{"start":{"line":20,"column":41},"end":{"line":26,"column":1}},"line":20},"2":{"name":"(anonymous_2)","decl":{"start":{"line":32,"column":26},"end":{"line":32,"column":27}},"loc":{"start":{"line":32,"column":37},"end":{"line":34,"column":1}},"line":32},"3":{"name":"(anonymous_3)","decl":{"start":{"line":40,"column":27},"end":{"line":40,"column":28}},"loc":{"start":{"line":40,"column":38},"end":{"line":42,"column":1}},"line":40},"4":{"name":"(anonymous_4)","decl":{"start":{"line":47,"column":30},"end":{"line":47,"column":31}},"loc":{"start":{"line":47,"column":46},"end":{"line":57,"column":1}},"line":47},"5":{"name":"(anonymous_5)","decl":{"start":{"line":62,"column":32},"end":{"line":62,"column":33}},"loc":{"start":{"line":62,"column":41},"end":{"line":70,"column":1}},"line":62}},"branchMap":{"0":{"loc":{"start":{"line":53,"column":14},"end":{"line":53,"column":45}},"type":"cond-expr","locations":[{"start":{"line":53,"column":29},"end":{"line":53,"column":37}},{"start":{"line":53,"column":40},"end":{"line":53,"column":45}}],"line":53},"1":{"loc":{"start":{"line":66,"column":14},"end":{"line":66,"column":67}},"type":"cond-expr","locations":[{"start":{"line":66,"column":51},"end":{"line":66,"column":59}},{"start":{"line":66,"column":62},"end":{"line":66,"column":67}}],"line":66}},"s":{"0":3,"1":4,"2":3,"3":4,"4":3,"5":0,"6":3,"7":0,"8":3,"9":2,"10":2,"11":3,"12":0},"f":{"0":4,"1":4,"2":0,"3":0,"4":2,"5":0},"b":{"0":[0,2],"1":[0,0]},"inputSourceMap":null,"_coverageSchema":"1a1c01bbd47fc00a2c39e90264f33305004495a9","hash":"9da26cf37096c0689ad9a3b8df43897ac3673ca6"}
,"/Users/akshay.ahuja/Desktop/tasks/e-commerce/backend/src/validators/auth.validator.js": {"path":"/Users/akshay.ahuja/Desktop/tasks/e-commerce/backend/src/validators/auth.validator.js","statementMap":{"0":{"start":{"line":3,"column":30},"end":{"line":31,"column":2}},"1":{"start":{"line":33,"column":27},"end":{"line":41,"column":2}},"2":{"start":{"line":43,"column":36},"end":{"line":48,"column":2}},"3":{"start":{"line":50,"column":35},"end":{"line":61,"column":2}}},"fnMap":{},"branchMap":{},"s":{"0":1,"1":1,"2":1,"3":1},"f":{},"b":{},"inputSourceMap":null,"_coverageSchema":"1a1c01bbd47fc00a2c39e90264f33305004495a9","hash":"24fcde09378eceb123690920fa442d24700bb5a4"}
,"/Users/akshay.ahuja/Desktop/tasks/e-commerce/backend/src/validators/cart.validator.js": {"path":"/Users/akshay.ahuja/Desktop/tasks/e-commerce/backend/src/validators/cart.validator.js","statementMap":{"0":{"start":{"line":3,"column":24},"end":{"line":3,"column":43}},"1":{"start":{"line":5,"column":31},"end":{"line":14,"column":2}},"2":{"start":{"line":16,"column":36},"end":{"line":25,"column":2}}},"fnMap":{},"branchMap":{},"s":{"0":1,"1":1,"2":1},"f":{},"b":{},"inputSourceMap":null,"_coverageSchema":"1a1c01bbd47fc00a2c39e90264f33305004495a9","hash":"169eb1220be6ef5e00bab492202fb85d0dc58286"}
,"/Users/akshay.ahuja/Desktop/tasks/e-commerce/backend/src/validators/order.validator.js": {"path":"/Users/akshay.ahuja/Desktop/tasks/e-commerce/backend/src/validators/order.validator.js","statementMap":{"0":{"start":{"line":4,"column":24},"end":{"line":4,"column":43}},"1":{"start":{"line":6,"column":30},"end":{"line":14,"column":2}},"2":{"start":{"line":16,"column":33},"end":{"line":32,"column":2}},"3":{"start":{"line":34,"column":39},"end":{"line":41,"column":2}}},"fnMap":{},"branchMap":{},"s":{"0":1,"1":1,"2":1,"3":1},"f":{},"b":{},"inputSourceMap":null,"_coverageSchema":"1a1c01bbd47fc00a2c39e90264f33305004495a9","hash":"8a52a584affb97d37a698002cf2e4f6c6eff86fe"}
,"/Users/akshay.ahuja/Desktop/tasks/e-commerce/backend/src/validators/payment.validator.js": {"path":"/Users/akshay.ahuja/Desktop/tasks/e-commerce/backend/src/validators/payment.validator.js","statementMap":{"0":{"start":{"line":3,"column":24},"end":{"line":3,"column":43}},"1":{"start":{"line":5,"column":35},"end":{"line":19,"column":2}},"2":{"start":{"line":21,"column":34},"end":{"line":29,"column":2}}},"fnMap":{},"branchMap":{},"s":{"0":1,"1":1,"2":1},"f":{},"b":{},"inputSourceMap":null,"_coverageSchema":"1a1c01bbd47fc00a2c39e90264f33305004495a9","hash":"5a0697cd86ee39d7408b7569e1d073aa6fc720cf"}
,"/Users/akshay.ahuja/Desktop/tasks/e-commerce/backend/src/validators/product.validator.js": {"path":"/Users/akshay.ahuja/Desktop/tasks/e-commerce/backend/src/validators/product.validator.js","statementMap":{"0":{"start":{"line":3,"column":24},"end":{"line":3,"column":43}},"1":{"start":{"line":5,"column":35},"end":{"line":36,"column":2}},"2":{"start":{"line":38,"column":35},"end":{"line":48,"column":2}},"3":{"start":{"line":50,"column":30},"end":{"line":57,"column":2}}},"fnMap":{},"branchMap":{},"s":{"0":1,"1":1,"2":1,"3":1},"f":{},"b":{},"inputSourceMap":null,"_coverageSchema":"1a1c01bbd47fc00a2c39e90264f33305004495a9","hash":"e27192e79501e2b838e90369418f2ce164ead80e"}
,"/Users/akshay.ahuja/Desktop/tasks/e-commerce/backend/src/validators/review.validator.js": {"path":"/Users/akshay.ahuja/Desktop/tasks/e-commerce/backend/src/validators/review.validator.js","statementMap":{"0":{"start":{"line":3,"column":24},"end":{"line":3,"column":43}},"1":{"start":{"line":5,"column":34},"end":{"line":19,"column":2}},"2":{"start":{"line":21,"column":34},"end":{"line":25,"column":2}}},"fnMap":{},"branchMap":{},"s":{"0":1,"1":1,"2":1},"f":{},"b":{},"inputSourceMap":null,"_coverageSchema":"1a1c01bbd47fc00a2c39e90264f33305004495a9","hash":"c4b357960fe485341582fee4c1a69cb6eabcc694"}
,"/Users/akshay.ahuja/Desktop/tasks/e-commerce/backend/src/validators/user.validator.js": {"path":"/Users/akshay.ahuja/Desktop/tasks/e-commerce/backend/src/validators/user.validator.js","statementMap":{"0":{"start":{"line":4,"column":24},"end":{"line":4,"column":43}},"1":{"start":{"line":6,"column":35},"end":{"line":17,"column":2}},"2":{"start":{"line":19,"column":36},"end":{"line":33,"column":2}},"3":{"start":{"line":35,"column":29},"end":{"line":66,"column":2}},"4":{"start":{"line":68,"column":36},"end":{"line":73,"column":2}},"5":{"start":{"line":75,"column":38},"end":{"line":79,"column":2}}},"fnMap":{},"branchMap":{},"s":{"0":1,"1":1,"2":1,"3":1,"4":1,"5":1},"f":{},"b":{},"inputSourceMap":null,"_coverageSchema":"1a1c01bbd47fc00a2c39e90264f33305004495a9","hash":"0802d326b623eb9dcd8029f36029a87696ca96f5"}
}
