TN:
SF:src/app.js
FNF:0
FNH:0
DA:11,1
DA:14,1
DA:15,1
DA:18,1
DA:21,1
DA:22,1
DA:25,1
DA:28,1
DA:31,1
DA:32,1
DA:35,1
DA:38,1
DA:41,1
LF:13
LH:13
BRF:0
BRH:0
end_of_record
TN:
SF:src/actions/admin/getDashboardStats.action.js
FN:9,(anonymous_0)
FN:70,(anonymous_1)
FN:106,(anonymous_2)
FNF:3
FNH:2
FNDA:1,(anonymous_0)
FNDA:0,(anonymous_1)
FNDA:1,(anonymous_2)
DA:9,2
DA:11,1
DA:12,1
DA:13,1
DA:16,1
DA:33,1
DA:36,1
DA:67,1
DA:68,1
DA:69,0
DA:70,0
DA:71,0
DA:76,1
DA:80,1
DA:105,1
DA:106,1
DA:107,1
DA:108,1
DA:109,1
DA:117,1
DA:122,1
LF:21
LH:18
BRDA:33,0,0,1
BRDA:33,0,1,0
BRDA:68,1,0,0
BRDA:68,1,1,1
BRF:4
BRH:2
end_of_record
TN:
SF:src/actions/auth/forgotPassword.action.js
FN:12,(anonymous_0)
FN:51,(anonymous_1)
FNF:2
FNH:0
FNDA:0,(anonymous_0)
FNDA:0,(anonymous_1)
DA:12,1
DA:13,0
DA:14,0
DA:15,0
DA:19,0
DA:22,0
DA:23,0
DA:24,0
DA:25,0
DA:28,0
DA:29,0
DA:38,0
DA:51,1
DA:52,0
DA:54,0
DA:59,0
DA:60,0
DA:64,0
DA:65,0
DA:66,0
DA:67,0
LF:21
LH:2
BRDA:14,0,0,0
BRDA:14,0,1,0
BRDA:59,1,0,0
BRDA:59,1,1,0
BRF:4
BRH:0
end_of_record
TN:
SF:src/actions/auth/login.action.js
FN:11,(anonymous_0)
FNF:1
FNH:1
FNDA:6,(anonymous_0)
DA:11,2
DA:13,6
DA:14,6
DA:15,1
DA:18,5
DA:19,1
DA:23,4
DA:24,4
DA:25,2
DA:29,2
DA:30,2
DA:33,2
DA:34,2
DA:37,2
DA:38,2
DA:39,2
DA:41,2
LF:17
LH:17
BRDA:14,0,0,1
BRDA:14,0,1,5
BRDA:18,1,0,1
BRDA:18,1,1,4
BRDA:24,2,0,2
BRDA:24,2,1,2
BRF:6
BRH:6
end_of_record
TN:
SF:src/actions/auth/logout.action.js
FN:9,(anonymous_0)
FNF:1
FNH:0
FNDA:0,(anonymous_0)
DA:9,1
DA:10,0
DA:11,0
DA:12,0
DA:16,0
DA:17,0
LF:6
LH:1
BRDA:11,0,0,0
BRDA:11,0,1,0
BRF:2
BRH:0
end_of_record
TN:
SF:src/actions/auth/refreshToken.action.js
FN:12,(anonymous_0)
FNF:1
FNH:0
FNDA:0,(anonymous_0)
DA:12,1
DA:13,0
DA:14,0
DA:17,0
DA:19,0
DA:22,0
DA:23,0
DA:24,0
DA:28,0
DA:30,0
DA:31,0
DA:32,0
DA:36,0
DA:37,0
DA:40,0
DA:41,0
DA:43,0
DA:48,0
DA:49,0
LF:19
LH:1
BRDA:13,0,0,0
BRDA:13,0,1,0
BRDA:23,1,0,0
BRDA:23,1,1,0
BRDA:28,2,0,0
BRDA:28,2,1,0
BRDA:48,3,0,0
BRDA:48,3,1,0
BRF:8
BRH:0
end_of_record
TN:
SF:src/actions/auth/register.action.js
FN:12,(anonymous_0)
FNF:1
FNH:1
FNDA:4,(anonymous_0)
DA:12,2
DA:13,4
DA:16,4
DA:17,4
DA:18,2
DA:22,2
DA:31,2
DA:38,2
DA:39,2
DA:42,2
DA:43,2
DA:46,2
DA:47,2
DA:48,2
DA:50,2
LF:15
LH:15
BRDA:17,0,0,2
BRDA:17,0,1,2
BRDA:27,1,0,2
BRDA:27,1,1,2
BRF:4
BRH:4
end_of_record
TN:
SF:src/actions/cart/addToCart.action.js
FN:13,(anonymous_0)
FN:31,(anonymous_1)
FNF:2
FNH:0
FNDA:0,(anonymous_0)
FNDA:0,(anonymous_1)
DA:13,1
DA:15,0
DA:16,0
DA:17,0
DA:20,0
DA:21,0
DA:25,0
DA:26,0
DA:27,0
DA:31,0
DA:33,0
DA:34,0
DA:37,0
DA:38,0
DA:42,0
DA:45,0
DA:46,0
DA:47,0
DA:49,0
DA:57,0
DA:60,0
LF:21
LH:1
BRDA:16,0,0,0
BRDA:16,0,1,0
BRDA:20,1,0,0
BRDA:20,1,1,0
BRDA:26,2,0,0
BRDA:26,2,1,0
BRDA:33,3,0,0
BRDA:33,3,1,0
BRDA:37,4,0,0
BRDA:37,4,1,0
BRDA:42,5,0,0
BRDA:42,5,1,0
BRDA:45,6,0,0
BRDA:45,6,1,0
BRF:14
BRH:0
end_of_record
TN:
SF:src/actions/cart/getCart.action.js
FN:9,(anonymous_0)
FNF:1
FNH:0
FNDA:0,(anonymous_0)
DA:9,1
DA:10,0
DA:15,0
DA:16,0
DA:19,0
LF:5
LH:1
BRDA:15,0,0,0
BRDA:15,0,1,0
BRF:2
BRH:0
end_of_record
TN:
SF:src/actions/cart/removeFromCart.action.js
FN:10,(anonymous_0)
FN:17,(anonymous_1)
FNF:2
FNH:0
FNDA:0,(anonymous_0)
FNDA:0,(anonymous_1)
DA:10,1
DA:11,0
DA:12,0
DA:13,0
DA:16,0
DA:17,0
DA:19,0
DA:20,0
DA:23,0
DA:25,0
LF:10
LH:1
BRDA:12,0,0,0
BRDA:12,0,1,0
BRDA:19,1,0,0
BRDA:19,1,1,0
BRF:4
BRH:0
end_of_record
TN:
SF:src/actions/cart/updateCartItem.action.js
FN:12,(anonymous_0)
FN:18,(anonymous_1)
FNF:2
FNH:0
FNDA:0,(anonymous_0)
FNDA:0,(anonymous_1)
DA:12,1
DA:13,0
DA:14,0
DA:15,0
DA:18,0
DA:19,0
DA:20,0
DA:24,0
DA:25,0
DA:26,0
DA:29,0
DA:30,0
DA:34,0
DA:35,0
DA:37,0
DA:39,0
LF:16
LH:1
BRDA:14,0,0,0
BRDA:14,0,1,0
BRDA:19,1,0,0
BRDA:19,1,1,0
BRDA:25,2,0,0
BRDA:25,2,1,0
BRDA:29,3,0,0
BRDA:29,3,1,0
BRDA:35,4,0,0
BRDA:35,4,1,0
BRF:10
BRH:0
end_of_record
TN:
SF:src/actions/category/createCategory.action.js
FN:4,(anonymous_0)
FNF:1
FNH:0
FNDA:0,(anonymous_0)
DA:4,1
DA:5,0
DA:7,0
DA:8,0
DA:9,0
DA:12,0
DA:13,0
DA:14,0
DA:15,0
DA:19,0
DA:26,0
LF:11
LH:1
BRDA:8,0,0,0
BRDA:8,0,1,0
BRDA:12,1,0,0
BRDA:12,1,1,0
BRDA:14,2,0,0
BRDA:14,2,1,0
BRDA:21,3,0,0
BRDA:21,3,1,0
BRF:8
BRH:0
end_of_record
TN:
SF:src/actions/category/getCategories.action.js
FN:3,(anonymous_0)
FNF:1
FNH:0
FNDA:0,(anonymous_0)
DA:3,1
DA:4,0
DA:7,0
LF:3
LH:1
BRF:0
BRH:0
end_of_record
TN:
SF:src/actions/order/cancelOrder.action.js
FN:14,(anonymous_0)
FN:39,(anonymous_1)
FNF:2
FNH:0
FNDA:0,(anonymous_0)
FNDA:0,(anonymous_1)
DA:14,1
DA:15,0
DA:16,0
DA:17,0
DA:21,0
DA:22,0
DA:23,0
DA:25,0
DA:26,0
DA:30,0
DA:31,0
DA:34,0
DA:35,0
DA:39,0
DA:40,0
DA:43,0
DA:46,0
DA:47,0
DA:48,0
DA:49,0
DA:51,0
DA:52,0
LF:22
LH:1
BRDA:16,0,0,0
BRDA:16,0,1,0
BRDA:21,1,0,0
BRDA:21,1,1,0
BRDA:22,2,0,0
BRDA:22,2,1,0
BRDA:25,3,0,0
BRDA:25,3,1,0
BRDA:30,4,0,0
BRDA:30,4,1,0
BRDA:34,5,0,0
BRDA:34,5,1,0
BRDA:48,6,0,0
BRDA:48,6,1,0
BRF:14
BRH:0
end_of_record
TN:
SF:src/actions/order/createOrder.action.js
FN:16,(anonymous_0)
FNF:1
FNH:0
FNDA:0,(anonymous_0)
DA:16,1
DA:17,0
DA:20,0
DA:21,0
DA:22,0
DA:23,0
DA:24,0
DA:26,0
DA:37,0
DA:38,0
DA:42,0
DA:43,0
DA:44,0
DA:48,0
DA:49,0
DA:51,0
DA:52,0
DA:53,0
DA:54,0
DA:57,0
DA:58,0
DA:61,0
DA:70,0
DA:80,0
DA:81,0
DA:84,0
DA:85,0
DA:86,0
DA:87,0
DA:90,0
DA:91,0
DA:94,0
DA:95,0
DA:97,0
DA:101,0
DA:102,0
DA:105,0
DA:106,0
DA:110,0
DA:111,0
DA:112,0
DA:115,0
DA:118,0
DA:135,0
DA:136,0
DA:137,0
DA:139,0
LF:47
LH:1
BRDA:21,0,0,0
BRDA:21,0,1,0
BRDA:23,1,0,0
BRDA:23,1,1,0
BRDA:37,2,0,0
BRDA:37,2,1,0
BRDA:43,3,0,0
BRDA:43,3,1,0
BRDA:43,4,0,0
BRDA:43,4,1,0
BRDA:53,5,0,0
BRDA:53,5,1,0
BRDA:53,6,0,0
BRDA:53,6,1,0
BRDA:54,7,0,0
BRDA:54,7,1,0
BRDA:57,8,0,0
BRDA:57,8,1,0
BRDA:84,9,0,0
BRDA:84,9,1,0
BRDA:86,10,0,0
BRDA:86,10,1,0
BRDA:90,11,0,0
BRDA:90,11,1,0
BRDA:94,12,0,0
BRDA:94,12,1,0
BRDA:111,13,0,0
BRDA:111,13,1,0
BRDA:111,14,0,0
BRDA:111,14,1,0
BRDA:124,15,0,0
BRDA:124,15,1,0
BRDA:125,16,0,0
BRDA:125,16,1,0
BRF:34
BRH:0
end_of_record
TN:
SF:src/actions/order/getOrderById.action.js
FN:11,(anonymous_0)
FNF:1
FNH:0
FNDA:0,(anonymous_0)
DA:11,1
DA:12,0
DA:14,0
DA:15,0
DA:19,0
DA:20,0
DA:23,0
LF:7
LH:1
BRDA:14,0,0,0
BRDA:14,0,1,0
BRDA:19,1,0,0
BRDA:19,1,1,0
BRDA:19,2,0,0
BRDA:19,2,1,0
BRF:6
BRH:0
end_of_record
TN:
SF:src/actions/order/getOrders.action.js
FN:11,(anonymous_0)
FNF:1
FNH:0
FNDA:0,(anonymous_0)
DA:11,1
DA:12,0
DA:14,0
DA:17,0
DA:18,0
DA:22,0
DA:23,0
DA:26,0
DA:33,0
LF:9
LH:1
BRDA:17,0,0,0
BRDA:17,0,1,0
BRDA:22,1,0,0
BRDA:22,1,1,0
BRF:4
BRH:0
end_of_record
TN:
SF:src/actions/order/updateOrderStatus.action.js
FN:12,(anonymous_0)
FNF:1
FNH:0
FNDA:0,(anonymous_0)
DA:12,1
DA:13,0
DA:14,0
DA:15,0
DA:18,0
DA:19,0
DA:22,0
DA:23,0
DA:26,0
DA:28,0
DA:29,0
DA:30,0
DA:33,0
DA:34,0
LF:14
LH:1
BRDA:14,0,0,0
BRDA:14,0,1,0
BRDA:18,1,0,0
BRDA:18,1,1,0
BRDA:22,2,0,0
BRDA:22,2,1,0
BRDA:28,3,0,0
BRDA:28,3,1,0
BRF:8
BRH:0
end_of_record
TN:
SF:src/actions/payment/createPayment.action.js
FN:14,(anonymous_0)
FNF:1
FNH:0
FNDA:0,(anonymous_0)
DA:14,1
DA:15,0
DA:16,0
DA:17,0
DA:20,0
DA:21,0
DA:25,0
DA:26,0
DA:28,0
DA:32,0
DA:34,0
DA:40,0
DA:41,0
DA:44,0
DA:52,0
DA:60,0
DA:61,0
LF:17
LH:1
BRDA:16,0,0,0
BRDA:16,0,1,0
BRDA:20,1,0,0
BRDA:20,1,1,0
BRF:4
BRH:0
end_of_record
TN:
SF:src/actions/payment/refundPayment.action.js
FN:13,(anonymous_0)
FNF:1
FNH:0
FNDA:0,(anonymous_0)
DA:13,1
DA:14,0
DA:15,0
DA:16,0
DA:19,0
DA:20,0
DA:21,0
DA:25,0
DA:26,0
DA:28,0
DA:31,0
DA:33,0
DA:39,0
DA:40,0
DA:41,0
DA:42,0
DA:45,0
DA:46,0
DA:47,0
DA:49,0
DA:55,0
DA:56,0
LF:22
LH:1
BRDA:15,0,0,0
BRDA:15,0,1,0
BRDA:20,1,0,0
BRDA:20,1,1,0
BRF:4
BRH:0
end_of_record
TN:
SF:src/actions/payment/verifyPayment.action.js
FN:14,(anonymous_0)
FNF:1
FNH:0
FNDA:0,(anonymous_0)
DA:14,1
DA:15,0
DA:18,0
DA:19,0
DA:24,0
DA:26,0
DA:28,0
DA:32,0
DA:36,0
DA:37,0
DA:38,0
DA:42,0
DA:43,0
DA:44,0
DA:45,0
DA:48,0
DA:49,0
DA:50,0
DA:53,0
DA:54,0
DA:55,0
DA:56,0
DA:58,0
LF:23
LH:1
BRDA:20,0,0,0
BRDA:20,0,1,0
BRDA:26,1,0,0
BRDA:26,1,1,0
BRDA:37,2,0,0
BRDA:37,2,1,0
BRDA:49,3,0,0
BRDA:49,3,1,0
BRF:8
BRH:0
end_of_record
TN:
SF:src/actions/product/createProduct.action.js
FN:11,(anonymous_0)
FNF:1
FNH:0
FNDA:0,(anonymous_0)
DA:11,1
DA:12,0
DA:15,0
DA:16,0
DA:17,0
DA:21,0
DA:26,0
LF:7
LH:1
BRDA:16,0,0,0
BRDA:16,0,1,0
BRF:2
BRH:0
end_of_record
TN:
SF:src/actions/product/deleteProduct.action.js
FN:11,(anonymous_0)
FNF:1
FNH:0
FNDA:0,(anonymous_0)
DA:11,1
DA:12,0
DA:13,0
DA:14,0
DA:18,0
DA:19,0
DA:23,0
DA:26,0
LF:8
LH:1
BRDA:13,0,0,0
BRDA:13,0,1,0
BRDA:18,1,0,0
BRDA:18,1,1,0
BRDA:18,2,0,0
BRDA:18,2,1,0
BRF:6
BRH:0
end_of_record
TN:
SF:src/actions/product/getProductById.action.js
FN:9,(anonymous_0)
FNF:1
FNH:0
FNDA:0,(anonymous_0)
DA:9,1
DA:10,0
DA:12,0
DA:14,0
DA:18,0
DA:19,0
DA:22,0
LF:7
LH:1
BRDA:12,0,0,0
BRDA:12,0,1,0
BRDA:18,1,0,0
BRDA:18,1,1,0
BRF:4
BRH:0
end_of_record
TN:
SF:src/actions/product/getProducts.action.js
FN:10,(anonymous_0)
FNF:1
FNH:0
FNDA:0,(anonymous_0)
DA:10,1
DA:11,0
DA:13,0
DA:16,0
DA:17,0
DA:21,0
DA:22,0
DA:23,0
DA:24,0
DA:28,0
DA:29,0
DA:30,0
DA:31,0
DA:32,0
DA:33,0
DA:34,0
DA:37,0
DA:41,0
DA:48,0
LF:19
LH:1
BRDA:10,0,0,0
BRDA:11,1,0,0
BRDA:16,2,0,0
BRDA:16,2,1,0
BRDA:21,3,0,0
BRDA:21,3,1,0
BRDA:21,4,0,0
BRDA:21,4,1,0
BRDA:23,5,0,0
BRDA:23,5,1,0
BRDA:24,6,0,0
BRDA:24,6,1,0
BRDA:29,7,0,0
BRDA:29,7,1,0
BRDA:31,8,0,0
BRDA:31,8,1,0
BRDA:33,9,0,0
BRDA:33,9,1,0
BRF:18
BRH:0
end_of_record
TN:
SF:src/actions/product/searchProducts.action.js
FN:9,(anonymous_0)
FNF:1
FNH:0
FNDA:0,(anonymous_0)
DA:9,1
DA:10,0
DA:12,0
DA:15,0
DA:16,0
DA:20,0
DA:21,0
DA:23,0
DA:25,0
DA:29,0
DA:30,0
DA:31,0
DA:32,0
DA:36,0
DA:37,0
DA:45,0
LF:16
LH:1
BRDA:9,0,0,0
BRDA:15,1,0,0
BRDA:15,1,1,0
BRDA:21,2,0,0
BRDA:21,2,1,0
BRDA:29,3,0,0
BRDA:29,3,1,0
BRDA:31,4,0,0
BRDA:31,4,1,0
BRDA:36,5,0,0
BRDA:36,5,1,0
BRDA:40,6,0,0
BRDA:40,6,1,0
BRF:13
BRH:0
end_of_record
TN:
SF:src/actions/product/updateProduct.action.js
FN:13,(anonymous_0)
FN:33,(anonymous_1)
FNF:2
FNH:0
FNDA:0,(anonymous_0)
FNDA:0,(anonymous_1)
DA:13,1
DA:14,0
DA:15,0
DA:16,0
DA:20,0
DA:21,0
DA:25,0
DA:26,0
DA:27,0
DA:28,0
DA:33,0
DA:34,0
DA:35,0
DA:39,0
DA:40,0
LF:15
LH:1
BRDA:15,0,0,0
BRDA:15,0,1,0
BRDA:20,1,0,0
BRDA:20,1,1,0
BRDA:20,2,0,0
BRDA:20,2,1,0
BRDA:25,3,0,0
BRDA:25,3,1,0
BRDA:27,4,0,0
BRDA:27,4,1,0
BRDA:34,5,0,0
BRDA:34,5,1,0
BRF:12
BRH:0
end_of_record
TN:
SF:src/actions/review/createReview.action.js
FN:13,(anonymous_0)
FNF:1
FNH:0
FNDA:0,(anonymous_0)
DA:13,1
DA:14,0
DA:17,0
DA:18,0
DA:19,0
DA:23,0
DA:29,0
DA:30,0
DA:34,0
DA:35,0
DA:36,0
DA:40,0
DA:48,0
LF:13
LH:1
BRDA:18,0,0,0
BRDA:18,0,1,0
BRDA:29,1,0,0
BRDA:29,1,1,0
BRDA:35,2,0,0
BRDA:35,2,1,0
BRDA:45,3,0,0
BRDA:45,3,1,0
BRF:8
BRH:0
end_of_record
TN:
SF:src/actions/review/deleteReview.action.js
FN:9,(anonymous_0)
FNF:1
FNH:0
FNDA:0,(anonymous_0)
DA:9,1
DA:10,0
DA:11,0
DA:12,0
DA:16,0
DA:17,0
DA:21,0
LF:7
LH:1
BRDA:11,0,0,0
BRDA:11,0,1,0
BRDA:16,1,0,0
BRDA:16,1,1,0
BRDA:16,2,0,0
BRDA:16,2,1,0
BRF:6
BRH:0
end_of_record
TN:
SF:src/actions/review/getReviews.action.js
FN:10,(anonymous_0)
FNF:1
FNH:0
FNDA:0,(anonymous_0)
DA:10,1
DA:11,0
DA:13,0
DA:24,0
LF:4
LH:1
BRDA:10,0,0,0
BRF:1
BRH:0
end_of_record
TN:
SF:src/actions/review/updateReview.action.js
FN:11,(anonymous_0)
FNF:1
FNH:0
FNDA:0,(anonymous_0)
DA:11,1
DA:12,0
DA:13,0
DA:14,0
DA:17,0
DA:18,0
DA:22,0
DA:23,0
DA:24,0
DA:26,0
DA:28,0
LF:11
LH:1
BRDA:13,0,0,0
BRDA:13,0,1,0
BRDA:17,1,0,0
BRDA:17,1,1,0
BRDA:22,2,0,0
BRDA:22,2,1,0
BRDA:23,3,0,0
BRDA:23,3,1,0
BRDA:24,4,0,0
BRDA:24,4,1,0
BRF:10
BRH:0
end_of_record
TN:
SF:src/actions/user/address.action.js
FN:3,(anonymous_0)
FN:11,(anonymous_1)
FN:16,(anonymous_2)
FNF:3
FNH:0
FNDA:0,(anonymous_0)
FNDA:0,(anonymous_1)
FNDA:0,(anonymous_2)
DA:3,1
DA:4,0
DA:8,0
DA:11,1
DA:12,0
DA:13,0
DA:16,1
DA:17,0
LF:8
LH:3
BRF:0
BRH:0
end_of_record
TN:
SF:src/actions/user/deleteUser.action.js
FN:10,(anonymous_0)
FNF:1
FNH:0
FNDA:0,(anonymous_0)
DA:10,1
DA:11,0
DA:12,0
DA:13,0
DA:17,0
DA:20,0
LF:6
LH:1
BRDA:12,0,0,0
BRDA:12,0,1,0
BRF:2
BRH:0
end_of_record
TN:
SF:src/actions/user/getProfile.action.js
FN:9,(anonymous_0)
FNF:1
FNH:0
FNDA:0,(anonymous_0)
DA:9,1
DA:10,0
DA:12,0
DA:13,0
DA:16,0
LF:5
LH:1
BRDA:12,0,0,0
BRDA:12,0,1,0
BRF:2
BRH:0
end_of_record
TN:
SF:src/actions/user/getUsers.action.js
FN:10,(anonymous_0)
FNF:1
FNH:1
FNDA:1,(anonymous_0)
DA:10,2
DA:11,1
DA:13,1
DA:14,1
DA:17,1
DA:18,1
DA:19,1
DA:25,1
DA:32,1
LF:9
LH:9
BRDA:13,0,0,1
BRDA:13,0,1,0
BRDA:17,1,0,1
BRDA:17,1,1,0
BRF:4
BRH:2
end_of_record
TN:
SF:src/actions/user/toggleUserStatus.action.js
FN:10,(anonymous_0)
FNF:1
FNH:1
FNDA:2,(anonymous_0)
DA:10,2
DA:11,2
DA:12,2
DA:13,1
DA:16,1
DA:17,1
DA:19,1
DA:20,1
DA:21,1
DA:23,1
LF:10
LH:10
BRDA:12,0,0,1
BRDA:12,0,1,1
BRF:2
BRH:2
end_of_record
TN:
SF:src/actions/user/updateProfile.action.js
FN:10,(anonymous_0)
FN:14,(anonymous_1)
FN:39,(anonymous_2)
FNF:3
FNH:0
FNDA:0,(anonymous_0)
FNDA:0,(anonymous_1)
FNDA:0,(anonymous_2)
DA:10,1
DA:11,0
DA:12,0
DA:14,0
DA:15,0
DA:16,0
DA:20,0
DA:26,0
DA:27,0
DA:30,0
DA:39,1
DA:40,0
DA:41,0
DA:42,0
DA:46,0
DA:47,0
DA:48,0
DA:52,0
DA:53,0
LF:19
LH:2
BRDA:15,0,0,0
BRDA:15,0,1,0
BRDA:26,1,0,0
BRDA:26,1,1,0
BRDA:41,2,0,0
BRDA:41,2,1,0
BRDA:47,3,0,0
BRDA:47,3,1,0
BRF:8
BRH:0
end_of_record
TN:
SF:src/actions/user/updateUserRole.action.js
FN:10,(anonymous_0)
FNF:1
FNH:1
FNDA:2,(anonymous_0)
DA:10,2
DA:11,2
DA:12,2
DA:13,1
DA:16,1
DA:17,1
DA:19,1
DA:20,1
DA:21,1
DA:23,1
LF:10
LH:10
BRDA:12,0,0,1
BRDA:12,0,1,1
BRF:2
BRH:2
end_of_record
TN:
SF:src/actions/wishlist/addToWishlist.action.js
FN:11,(anonymous_0)
FNF:1
FNH:0
FNDA:0,(anonymous_0)
DA:11,1
DA:13,0
DA:14,0
DA:15,0
DA:19,0
DA:20,0
DA:21,0
DA:25,0
DA:30,0
LF:9
LH:1
BRDA:14,0,0,0
BRDA:14,0,1,0
BRDA:20,1,0,0
BRDA:20,1,1,0
BRF:4
BRH:0
end_of_record
TN:
SF:src/actions/wishlist/getWishlist.action.js
FN:10,(anonymous_0)
FNF:1
FNH:0
FNDA:0,(anonymous_0)
DA:10,1
DA:11,0
DA:13,0
DA:27,0
LF:4
LH:1
BRDA:10,0,0,0
BRF:1
BRH:0
end_of_record
TN:
SF:src/actions/wishlist/removeFromWishlist.action.js
FN:9,(anonymous_0)
FNF:1
FNH:0
FNDA:0,(anonymous_0)
DA:9,1
DA:10,0
DA:11,0
DA:12,0
LF:4
LH:1
BRDA:11,0,0,0
BRDA:11,0,1,0
BRF:2
BRH:0
end_of_record
TN:
SF:src/controllers/admin.controller.js
FN:8,(anonymous_0)
FNF:1
FNH:0
FNDA:0,(anonymous_0)
DA:8,1
DA:9,0
DA:11,0
LF:3
LH:1
BRF:0
BRH:0
end_of_record
TN:
SF:src/controllers/auth.controller.js
FN:10,(anonymous_0)
FN:24,(anonymous_1)
FN:37,(anonymous_2)
FN:46,(anonymous_3)
FN:59,(anonymous_4)
FN:67,(anonymous_5)
FNF:6
FNH:2
FNDA:2,(anonymous_0)
FNDA:2,(anonymous_1)
FNDA:0,(anonymous_2)
FNDA:0,(anonymous_3)
FNDA:0,(anonymous_4)
FNDA:0,(anonymous_5)
DA:10,1
DA:11,2
DA:12,1
DA:14,1
DA:24,1
DA:25,2
DA:26,1
DA:28,1
DA:37,1
DA:38,0
DA:39,0
DA:41,0
DA:46,1
DA:47,0
DA:48,0
DA:49,0
DA:51,0
DA:59,1
DA:60,0
DA:62,0
DA:67,1
DA:68,0
DA:69,0
DA:70,0
DA:72,0
LF:25
LH:12
BRDA:47,0,0,0
BRDA:47,0,1,0
BRF:2
BRH:0
end_of_record
TN:
SF:src/controllers/cart.controller.js
FN:8,(anonymous_0)
FN:17,(anonymous_1)
FN:27,(anonymous_2)
FN:37,(anonymous_3)
FNF:4
FNH:0
FNDA:0,(anonymous_0)
FNDA:0,(anonymous_1)
FNDA:0,(anonymous_2)
FNDA:0,(anonymous_3)
DA:8,1
DA:9,0
DA:11,0
DA:17,1
DA:18,0
DA:19,0
DA:21,0
DA:27,1
DA:28,0
DA:29,0
DA:31,0
DA:37,1
DA:38,0
DA:39,0
DA:41,0
LF:15
LH:4
BRF:0
BRH:0
end_of_record
TN:
SF:src/controllers/category.controller.js
FN:6,(anonymous_0)
FN:16,(anonymous_1)
FNF:2
FNH:0
FNDA:0,(anonymous_0)
FNDA:0,(anonymous_1)
DA:6,1
DA:7,0
DA:9,0
DA:16,1
DA:17,0
DA:19,0
LF:6
LH:2
BRF:0
BRH:0
end_of_record
TN:
SF:src/controllers/order.controller.js
FN:9,(anonymous_0)
FN:19,(anonymous_1)
FN:29,(anonymous_2)
FN:38,(anonymous_3)
FN:48,(anonymous_4)
FNF:5
FNH:0
FNDA:0,(anonymous_0)
FNDA:0,(anonymous_1)
FNDA:0,(anonymous_2)
FNDA:0,(anonymous_3)
FNDA:0,(anonymous_4)
DA:9,1
DA:10,0
DA:12,0
DA:19,1
DA:20,0
DA:22,0
DA:29,1
DA:30,0
DA:32,0
DA:38,1
DA:39,0
DA:40,0
DA:42,0
DA:48,1
DA:49,0
DA:50,0
DA:52,0
LF:17
LH:5
BRF:0
BRH:0
end_of_record
TN:
SF:src/controllers/payment.controller.js
FN:7,(anonymous_0)
FN:18,(anonymous_1)
FN:27,(anonymous_2)
FNF:3
FNH:0
FNDA:0,(anonymous_0)
FNDA:0,(anonymous_1)
FNDA:0,(anonymous_2)
DA:7,1
DA:8,0
DA:9,0
DA:11,0
DA:18,1
DA:19,0
DA:21,0
DA:27,1
DA:28,0
DA:29,0
DA:31,0
LF:11
LH:3
BRF:0
BRH:0
end_of_record
TN:
SF:src/controllers/product.controller.js
FN:10,(anonymous_0)
FN:20,(anonymous_1)
FN:30,(anonymous_2)
FN:39,(anonymous_3)
FN:48,(anonymous_4)
FN:56,(anonymous_5)
FNF:6
FNH:0
FNDA:0,(anonymous_0)
FNDA:0,(anonymous_1)
FNDA:0,(anonymous_2)
FNDA:0,(anonymous_3)
FNDA:0,(anonymous_4)
FNDA:0,(anonymous_5)
DA:10,1
DA:11,0
DA:13,0
DA:20,1
DA:21,0
DA:23,0
DA:30,1
DA:31,0
DA:33,0
DA:39,1
DA:40,0
DA:42,0
DA:48,1
DA:49,0
DA:51,0
DA:56,1
DA:57,0
DA:59,0
LF:18
LH:6
BRF:0
BRH:0
end_of_record
TN:
SF:src/controllers/review.controller.js
FN:8,(anonymous_0)
FN:18,(anonymous_1)
FN:29,(anonymous_2)
FN:38,(anonymous_3)
FNF:4
FNH:0
FNDA:0,(anonymous_0)
FNDA:0,(anonymous_1)
FNDA:0,(anonymous_2)
FNDA:0,(anonymous_3)
DA:8,1
DA:9,0
DA:11,0
DA:18,1
DA:19,0
DA:20,0
DA:22,0
DA:29,1
DA:30,0
DA:32,0
DA:38,1
DA:39,0
DA:41,0
LF:13
LH:4
BRF:0
BRH:0
end_of_record
TN:
SF:src/controllers/user.controller.js
FN:11,(anonymous_0)
FN:20,(anonymous_1)
FN:29,(anonymous_2)
FN:38,(anonymous_3)
FN:47,(anonymous_4)
FN:57,(anonymous_5)
FN:66,(anonymous_6)
FN:76,(anonymous_7)
FN:86,(anonymous_8)
FN:96,(anonymous_9)
FNF:10
FNH:0
FNDA:0,(anonymous_0)
FNDA:0,(anonymous_1)
FNDA:0,(anonymous_2)
FNDA:0,(anonymous_3)
FNDA:0,(anonymous_4)
FNDA:0,(anonymous_5)
FNDA:0,(anonymous_6)
FNDA:0,(anonymous_7)
FNDA:0,(anonymous_8)
FNDA:0,(anonymous_9)
DA:11,1
DA:12,0
DA:14,0
DA:20,1
DA:21,0
DA:23,0
DA:29,1
DA:30,0
DA:31,0
DA:33,0
DA:38,1
DA:39,0
DA:41,0
DA:47,1
DA:48,0
DA:50,0
DA:57,1
DA:58,0
DA:60,0
DA:66,1
DA:67,0
DA:68,0
DA:70,0
DA:76,1
DA:77,0
DA:79,0
DA:86,1
DA:87,0
DA:88,0
DA:90,0
DA:96,1
DA:97,0
DA:98,0
DA:100,0
LF:34
LH:10
BRF:0
BRH:0
end_of_record
TN:
SF:src/controllers/wishlist.controller.js
FN:7,(anonymous_0)
FN:17,(anonymous_1)
FN:27,(anonymous_2)
FNF:3
FNH:0
FNDA:0,(anonymous_0)
FNDA:0,(anonymous_1)
FNDA:0,(anonymous_2)
DA:7,1
DA:8,0
DA:10,0
DA:17,1
DA:18,0
DA:19,0
DA:21,0
DA:27,1
DA:28,0
DA:29,0
DA:31,0
LF:11
LH:3
BRDA:18,0,0,0
BRDA:18,0,1,0
BRF:2
BRH:0
end_of_record
TN:
SF:src/middlewares/auth.middleware.js
FN:10,(anonymous_0)
FNF:1
FNH:1
FNDA:3,(anonymous_0)
DA:10,2
DA:14,3
DA:15,2
DA:18,1
DA:19,0
DA:22,3
DA:23,1
DA:26,2
DA:28,2
DA:31,1
DA:32,1
DA:34,1
DA:35,0
DA:37,1
LF:14
LH:12
BRDA:14,0,0,2
BRDA:14,0,1,1
BRDA:14,1,0,3
BRDA:14,1,1,2
BRDA:18,2,0,0
BRDA:18,2,1,1
BRDA:18,3,0,1
BRDA:18,3,1,1
BRDA:22,4,0,1
BRDA:22,4,1,2
BRDA:34,5,0,0
BRDA:34,5,1,1
BRF:12
BRH:10
end_of_record
TN:
SF:src/middlewares/cors.middleware.js
FN:5,(anonymous_0)
FNF:1
FNH:1
FNDA:5,(anonymous_0)
DA:4,1
DA:7,5
DA:9,0
DA:15,0
DA:16,0
DA:18,0
DA:29,1
LF:7
LH:3
BRDA:7,0,0,5
BRDA:7,0,1,0
BRDA:15,1,0,0
BRDA:15,1,1,0
BRDA:15,2,0,0
BRDA:15,2,1,0
BRF:6
BRH:1
end_of_record
TN:
SF:src/middlewares/errorHandler.middleware.js
FN:7,(anonymous_0)
FN:33,(anonymous_1)
FN:48,(anonymous_2)
FNF:3
FNH:1
FNDA:3,(anonymous_0)
FNDA:0,(anonymous_1)
FNDA:0,(anonymous_2)
DA:7,1
DA:8,3
DA:9,3
DA:10,3
DA:12,3
DA:13,3
DA:17,3
DA:18,0
DA:19,0
DA:20,0
DA:24,3
DA:25,0
DA:26,0
DA:30,3
DA:31,0
DA:32,0
DA:33,0
DA:36,3
DA:48,1
DA:49,0
LF:20
LH:11
BRDA:8,0,0,3
BRDA:8,0,1,0
BRDA:9,1,0,3
BRDA:9,1,1,0
BRDA:10,2,0,3
BRDA:10,2,1,0
BRDA:12,3,0,3
BRDA:12,3,1,0
BRDA:17,4,0,0
BRDA:17,4,1,3
BRDA:24,5,0,0
BRDA:24,5,1,3
BRDA:30,6,0,0
BRDA:30,6,1,3
BRDA:40,7,0,1
BRDA:40,7,1,2
BRDA:41,8,0,0
BRDA:41,8,1,3
BRF:18
BRH:10
end_of_record
TN:
SF:src/middlewares/logger.middleware.js
FNF:0
FNH:0
DA:5,1
DA:10,1
LF:2
LH:2
BRDA:5,0,0,0
BRDA:5,0,1,1
BRF:2
BRH:1
end_of_record
TN:
SF:src/middlewares/rateLimiter.middleware.js
FNF:0
FNH:0
DA:7,1
DA:22,1
LF:2
LH:2
BRF:0
BRH:0
end_of_record
TN:
SF:src/middlewares/role.middleware.js
FN:8,(anonymous_0)
FN:9,(anonymous_1)
FNF:2
FNH:1
FNDA:10,(anonymous_0)
FNDA:0,(anonymous_1)
DA:8,1
DA:9,10
DA:10,0
DA:11,0
DA:14,0
DA:15,0
DA:18,0
LF:7
LH:2
BRDA:10,0,0,0
BRDA:10,0,1,0
BRDA:14,1,0,0
BRDA:14,1,1,0
BRF:4
BRH:0
end_of_record
TN:
SF:src/middlewares/upload.middleware.js
FN:14,(anonymous_0)
FN:17,(anonymous_1)
FN:25,(anonymous_2)
FN:44,(anonymous_3)
FNF:4
FNH:0
FNDA:0,(anonymous_0)
FNDA:0,(anonymous_1)
FNDA:0,(anonymous_2)
FNDA:0,(anonymous_3)
DA:8,0
DA:9,0
DA:10,0
DA:13,0
DA:15,0
DA:19,0
DA:20,0
DA:21,0
DA:25,0
DA:26,0
DA:27,0
DA:29,0
DA:33,0
DA:44,0
DA:45,0
DA:46,0
DA:47,0
DA:49,0
DA:51,0
DA:52,0
DA:54,0
LF:21
LH:0
BRDA:9,0,0,0
BRDA:9,0,1,0
BRDA:26,1,0,0
BRDA:26,1,1,0
BRDA:45,2,0,0
BRDA:45,2,1,0
BRDA:46,3,0,0
BRDA:46,3,1,0
BRDA:51,4,0,0
BRDA:51,4,1,0
BRF:10
BRH:0
end_of_record
TN:
SF:src/middlewares/validate.middleware.js
FN:9,(anonymous_0)
FN:10,(anonymous_1)
FN:17,(anonymous_2)
FNF:3
FNH:3
FNDA:19,(anonymous_0)
FNDA:5,(anonymous_1)
FNDA:2,(anonymous_2)
DA:9,1
DA:10,19
DA:11,5
DA:16,5
DA:17,2
DA:18,1
DA:22,4
DA:23,4
LF:8
LH:8
BRDA:9,0,0,19
BRDA:16,1,0,1
BRDA:16,1,1,4
BRF:3
BRH:3
end_of_record
TN:
SF:src/models/address.model.js
FN:64,(anonymous_0)
FNF:1
FNH:0
FNDA:0,(anonymous_0)
DA:3,1
DA:5,1
DA:60,1
DA:61,1
DA:64,1
DA:65,0
DA:67,0
DA:74,1
LF:8
LH:6
BRDA:65,0,0,0
BRDA:65,0,1,0
BRF:2
BRH:0
end_of_record
TN:
SF:src/models/cart.model.js
FN:48,(anonymous_0)
FN:49,(anonymous_1)
FNF:2
FNH:1
FNDA:1,(anonymous_0)
FNDA:0,(anonymous_1)
DA:3,2
DA:5,2
DA:24,2
DA:45,2
DA:48,2
DA:49,1
DA:50,0
DA:54,2
LF:8
LH:7
BRF:0
BRH:0
end_of_record
TN:
SF:src/models/category.model.js
FN:46,(anonymous_0)
FNF:1
FNH:0
FNDA:0,(anonymous_0)
DA:4,1
DA:6,1
DA:42,1
DA:43,1
DA:44,1
DA:46,1
DA:47,0
DA:48,0
DA:52,1
LF:9
LH:7
BRDA:47,0,0,0
BRDA:47,0,1,0
BRDA:47,1,0,0
BRDA:47,1,1,0
BRDA:47,1,2,0
BRF:5
BRH:0
end_of_record
TN:
SF:src/models/order.model.js
FNF:0
FNH:0
DA:4,2
DA:6,2
DA:32,2
DA:100,2
DA:101,2
DA:102,2
DA:103,2
DA:105,2
LF:8
LH:8
BRF:0
BRH:0
end_of_record
TN:
SF:src/models/payment.model.js
FNF:0
FNH:0
DA:4,1
DA:6,1
DA:59,1
DA:60,1
DA:61,1
DA:63,1
LF:6
LH:6
BRF:0
BRH:0
end_of_record
TN:
SF:src/models/product.model.js
FN:35,(anonymous_0)
FN:46,(anonymous_1)
FN:104,(anonymous_2)
FNF:3
FNH:0
FNDA:0,(anonymous_0)
FNDA:0,(anonymous_1)
FNDA:0,(anonymous_2)
DA:4,2
DA:6,2
DA:37,0
DA:47,0
DA:95,2
DA:96,2
DA:97,2
DA:98,2
DA:99,2
DA:100,2
DA:101,2
DA:102,2
DA:104,2
DA:105,0
DA:106,0
DA:110,2
LF:16
LH:12
BRDA:37,0,0,0
BRDA:37,0,1,0
BRDA:47,1,0,0
BRDA:47,1,1,0
BRDA:105,2,0,0
BRDA:105,2,1,0
BRDA:105,3,0,0
BRDA:105,3,1,0
BRDA:105,3,2,0
BRF:9
BRH:0
end_of_record
TN:
SF:src/models/review.model.js
FN:49,(anonymous_0)
FN:81,(anonymous_1)
FN:85,(anonymous_2)
FN:89,(anonymous_3)
FNF:4
FNH:0
FNDA:0,(anonymous_0)
FNDA:0,(anonymous_1)
FNDA:0,(anonymous_2)
FNDA:0,(anonymous_3)
DA:4,1
DA:6,1
DA:45,1
DA:46,1
DA:49,1
DA:50,0
DA:63,0
DA:64,0
DA:65,0
DA:70,0
DA:76,0
DA:81,1
DA:82,0
DA:85,1
DA:86,0
DA:89,1
DA:90,0
DA:91,0
DA:95,1
LF:19
LH:9
BRDA:64,0,0,0
BRDA:64,0,1,0
BRDA:90,1,0,0
BRDA:90,1,1,0
BRF:4
BRH:0
end_of_record
TN:
SF:src/models/user.model.js
FN:72,(anonymous_0)
FN:78,(anonymous_1)
FNF:2
FNH:2
FNDA:3,(anonymous_0)
FNDA:2,(anonymous_1)
DA:5,5
DA:6,5
DA:8,5
DA:67,5
DA:68,5
DA:69,5
DA:70,5
DA:72,5
DA:73,3
DA:74,1
DA:78,5
DA:79,2
DA:82,5
LF:13
LH:13
BRDA:73,0,0,2
BRDA:73,0,1,1
BRF:2
BRH:2
end_of_record
TN:
SF:src/models/wishlist.model.js
FNF:0
FNH:0
DA:3,1
DA:5,1
DA:24,1
DA:25,1
DA:27,1
LF:5
LH:5
BRF:0
BRH:0
end_of_record
TN:
SF:src/routes/admin.routes.js
FNF:0
FNH:0
DA:6,1
DA:9,1
DA:10,1
DA:12,1
LF:4
LH:4
BRF:0
BRH:0
end_of_record
TN:
SF:src/routes/auth.routes.js
FNF:0
FNH:0
DA:20,1
DA:23,1
DA:25,1
DA:26,1
DA:27,1
DA:28,1
DA:29,1
DA:32,1
LF:8
LH:8
BRF:0
BRH:0
end_of_record
TN:
SF:src/routes/cart.routes.js
FNF:0
FNH:0
DA:7,1
DA:10,1
DA:12,1
DA:13,1
DA:14,1
DA:15,1
LF:6
LH:6
BRF:0
BRH:0
end_of_record
TN:
SF:src/routes/category.routes.js
FNF:0
FNH:0
DA:8,1
DA:11,1
DA:14,1
LF:3
LH:3
BRF:0
BRH:0
end_of_record
TN:
SF:src/routes/order.routes.js
FNF:0
FNH:0
DA:14,1
DA:16,1
DA:18,1
DA:19,1
DA:20,1
DA:21,1
DA:24,1
LF:7
LH:7
BRF:0
BRH:0
end_of_record
TN:
SF:src/routes/payment.routes.js
FNF:0
FNH:0
DA:8,1
DA:11,1
DA:13,1
DA:14,1
DA:17,1
LF:5
LH:5
BRF:0
BRH:0
end_of_record
TN:
SF:src/routes/product.routes.js
FNF:0
FNH:0
DA:15,1
DA:18,1
DA:19,1
DA:20,1
DA:23,1
DA:30,1
DA:37,1
LF:7
LH:7
BRF:0
BRH:0
end_of_record
TN:
SF:src/routes/review.routes.js
FNF:0
FNH:0
DA:12,1
DA:15,1
DA:18,1
DA:19,1
DA:20,1
LF:5
LH:5
BRF:0
BRH:0
end_of_record
TN:
SF:src/routes/user.routes.js
FNF:0
FNH:0
DA:25,1
DA:28,1
DA:31,1
DA:32,1
DA:33,1
DA:35,1
DA:36,1
DA:37,1
DA:38,1
DA:41,1
DA:42,1
DA:43,1
LF:12
LH:12
BRF:0
BRH:0
end_of_record
TN:
SF:src/routes/wishlist.routes.js
FNF:0
FNH:0
DA:5,1
DA:7,1
DA:9,1
DA:10,1
DA:11,1
LF:5
LH:5
BRF:0
BRH:0
end_of_record
TN:
SF:src/utils/apiError.js
FN:6,(anonymous_0)
FN:20,(anonymous_1)
FN:24,(anonymous_2)
FN:28,(anonymous_3)
FN:32,(anonymous_4)
FN:36,(anonymous_5)
FN:40,(anonymous_6)
FN:44,(anonymous_7)
FNF:8
FNH:1
FNDA:19,(anonymous_0)
FNDA:0,(anonymous_1)
FNDA:0,(anonymous_2)
FNDA:0,(anonymous_3)
FNDA:0,(anonymous_4)
FNDA:0,(anonymous_5)
FNDA:0,(anonymous_6)
FNDA:0,(anonymous_7)
DA:7,19
DA:8,19
DA:9,19
DA:10,19
DA:11,19
DA:13,19
DA:14,0
DA:16,19
DA:21,0
DA:25,0
DA:29,0
DA:33,0
DA:37,0
DA:41,0
DA:45,0
LF:15
LH:7
BRDA:6,0,0,18
BRDA:6,1,0,19
BRDA:13,2,0,0
BRDA:13,2,1,19
BRDA:20,3,0,0
BRDA:24,4,0,0
BRDA:28,5,0,0
BRDA:32,6,0,0
BRDA:36,7,0,0
BRDA:40,8,0,0
BRDA:44,9,0,0
BRF:11
BRH:3
end_of_record
TN:
SF:src/utils/apiResponse.js
FN:6,(anonymous_0)
FN:17,(anonymous_1)
FN:22,(anonymous_2)
FN:26,(anonymous_3)
FN:30,(anonymous_4)
FNF:5
FNH:2
FNDA:2,(anonymous_0)
FNDA:2,(anonymous_1)
FNDA:0,(anonymous_2)
FNDA:0,(anonymous_3)
FNDA:0,(anonymous_4)
DA:7,2
DA:8,2
DA:9,2
DA:10,2
DA:12,2
DA:13,0
DA:18,2
DA:19,2
DA:23,0
DA:27,0
DA:31,0
LF:11
LH:7
BRDA:6,0,0,0
BRDA:6,1,0,0
BRDA:12,2,0,0
BRDA:12,2,1,2
BRDA:17,3,0,0
BRDA:17,4,0,1
BRDA:17,5,0,0
BRDA:17,6,0,0
BRDA:17,7,0,2
BRDA:22,8,0,0
BRDA:22,9,0,0
BRDA:22,10,0,0
BRDA:30,11,0,0
BRDA:30,12,0,0
BRDA:30,13,0,0
BRDA:30,14,0,0
BRF:16
BRH:3
end_of_record
TN:
SF:src/utils/asyncHandler.js
FN:5,(anonymous_0)
FN:5,(anonymous_1)
FNF:2
FNH:2
FNDA:44,(anonymous_0)
FNDA:4,(anonymous_1)
DA:5,44
DA:6,4
LF:2
LH:2
BRF:0
BRH:0
end_of_record
TN:
SF:src/utils/constants.js
FNF:0
FNH:0
DA:1,5
DA:7,5
DA:15,5
DA:22,5
DA:30,5
LF:5
LH:5
BRF:0
BRH:0
end_of_record
TN:
SF:src/utils/email.util.js
FN:13,(anonymous_0)
FNF:1
FNH:0
FNDA:0,(anonymous_0)
DA:13,1
DA:15,0
DA:25,0
DA:32,0
DA:33,0
DA:34,0
DA:36,0
DA:38,0
DA:39,0
LF:9
LH:1
BRDA:26,0,0,0
BRDA:26,0,1,0
BRDA:29,1,0,0
BRDA:29,1,1,0
BRDA:38,2,0,0
BRDA:38,2,1,0
BRF:6
BRH:0
end_of_record
TN:
SF:src/utils/pagination.util.js
FN:10,(anonymous_0)
FNF:1
FNH:1
FNDA:1,(anonymous_0)
DA:10,2
DA:11,1
DA:12,1
DA:15,1
DA:16,0
DA:19,1
DA:21,1
DA:22,1
DA:24,1
DA:25,1
DA:27,0
DA:30,1
DA:31,0
DA:34,1
DA:35,1
DA:38,1
DA:39,1
DA:41,1
LF:18
LH:15
BRDA:10,0,0,0
BRDA:10,1,0,0
BRDA:11,2,0,1
BRDA:11,2,1,0
BRDA:12,3,0,1
BRDA:12,3,1,0
BRDA:15,4,0,0
BRDA:15,4,1,1
BRDA:24,5,0,1
BRDA:24,5,1,0
BRDA:30,6,0,0
BRDA:30,6,1,1
BRDA:34,7,0,1
BRDA:34,7,1,0
BRDA:45,8,0,1
BRDA:45,8,1,1
BRF:16
BRH:8
end_of_record
TN:
SF:src/utils/token.util.js
FN:8,(anonymous_0)
FN:20,(anonymous_1)
FN:32,(anonymous_2)
FN:40,(anonymous_3)
FN:47,(anonymous_4)
FN:62,(anonymous_5)
FNF:6
FNH:3
FNDA:4,(anonymous_0)
FNDA:4,(anonymous_1)
FNDA:0,(anonymous_2)
FNDA:0,(anonymous_3)
FNDA:2,(anonymous_4)
FNDA:0,(anonymous_5)
DA:8,3
DA:9,4
DA:20,3
DA:21,4
DA:32,3
DA:33,0
DA:40,3
DA:41,0
DA:47,3
DA:48,2
DA:50,2
DA:62,3
DA:63,0
LF:13
LH:10
BRDA:53,0,0,0
BRDA:53,0,1,2
BRDA:66,1,0,0
BRDA:66,1,1,0
BRF:4
BRH:1
end_of_record
TN:
SF:src/validators/auth.validator.js
FNF:0
FNH:0
DA:3,1
DA:33,1
DA:43,1
DA:50,1
LF:4
LH:4
BRF:0
BRH:0
end_of_record
TN:
SF:src/validators/cart.validator.js
FNF:0
FNH:0
DA:3,1
DA:5,1
DA:16,1
LF:3
LH:3
BRF:0
BRH:0
end_of_record
TN:
SF:src/validators/order.validator.js
FNF:0
FNH:0
DA:4,1
DA:6,1
DA:16,1
DA:34,1
LF:4
LH:4
BRF:0
BRH:0
end_of_record
TN:
SF:src/validators/payment.validator.js
FNF:0
FNH:0
DA:3,1
DA:5,1
DA:21,1
LF:3
LH:3
BRF:0
BRH:0
end_of_record
TN:
SF:src/validators/product.validator.js
FNF:0
FNH:0
DA:3,1
DA:5,1
DA:38,1
DA:50,1
LF:4
LH:4
BRF:0
BRH:0
end_of_record
TN:
SF:src/validators/review.validator.js
FNF:0
FNH:0
DA:3,1
DA:5,1
DA:21,1
LF:3
LH:3
BRF:0
BRH:0
end_of_record
TN:
SF:src/validators/user.validator.js
FNF:0
FNH:0
DA:4,1
DA:6,1
DA:19,1
DA:35,1
DA:68,1
DA:75,1
LF:6
LH:6
BRF:0
BRH:0
end_of_record
